{"level":"info","message":"server running --- from server.ts","timestamp":"2024-10-07T05:16:04.972Z"}
{"level":"info","message":"server running --- from server.ts","timestamp":"2024-10-07T06:44:24.433Z"}
{"level":"info","message":"server running --- from server.ts","timestamp":"2024-10-07T06:45:09.632Z"}
{"level":"info","message":"server running --- from server.ts","timestamp":"2024-10-07T06:45:58.457Z"}
{"level":"info","message":"server running --- from server.ts","timestamp":"2024-10-07T06:48:51.852Z"}
{"level":"info","message":"server running --- from server.ts","timestamp":"2024-10-07T06:53:01.321Z"}
{"level":"info","message":"server running --- from server.ts","timestamp":"2024-10-07T06:54:50.870Z"}
{"level":"info","message":"server running --- from server.ts","timestamp":"2024-10-07T06:55:28.314Z"}
{"level":"info","message":"server running --- from server.ts","timestamp":"2024-10-07T06:56:49.837Z"}
{"level":"info","message":"server running --- from server.ts","timestamp":"2024-10-07T06:57:05.948Z"}
{"level":"info","message":"server running --- from server.ts","timestamp":"2024-10-07T06:57:14.945Z"}
{"level":"info","message":"server running --- from server.ts","timestamp":"2024-10-07T07:00:06.724Z"}
{"level":"info","message":"server running --- from server.ts","timestamp":"2024-10-07T07:09:06.933Z"}
{"level":"info","message":"server running --- from server.ts","timestamp":"2024-10-07T07:09:11.704Z"}
{"level":"info","message":"server running --- from server.ts","timestamp":"2024-10-07T07:09:50.255Z"}
{"level":"info","message":"server running --- from server.ts","timestamp":"2024-10-07T07:10:10.078Z"}
{"level":"info","message":"server running --- from server.ts","timestamp":"2024-10-07T07:10:36.493Z"}
{"level":"info","message":"server running --- from server.ts","timestamp":"2024-10-07T07:14:03.968Z"}
{"level":"info","message":"server running --- from server.ts","timestamp":"2024-10-07T07:14:20.030Z"}
{"level":"info","message":"server running --- from server.ts","timestamp":"2024-10-07T07:16:19.220Z"}
{"level":"info","message":"server running --- from server.ts","timestamp":"2024-10-07T07:18:30.330Z"}
{"level":"error","message":"Server not running... New route /api/v1/profile/address conflicts with existing /api/v1/profile/address","name":"AssertError","stack":"AssertError: New route /api/v1/profile/address conflicts with existing /api/v1/profile/address\n    at module.exports.internals.Segment.internals.Segment.add (C:\\Users\\VIJAY L\\Desktop\\backend\\node_modules\\@hapi\\call\\lib\\segment.js:47:14)\n    at exports.Router.internals.Router.internals.Router.add (C:\\Users\\VIJAY L\\Desktop\\backend\\node_modules\\@hapi\\call\\lib\\index.js:65:16)\n    at internals.Server._addRoute (C:\\Users\\VIJAY L\\Desktop\\backend\\node_modules\\@hapi\\hapi\\lib\\server.js:529:46)\n    at internals.Server.route (C:\\Users\\VIJAY L\\Desktop\\backend\\node_modules\\@hapi\\hapi\\lib\\server.js:518:22)\n    at C:\\Users\\VIJAY L\\Desktop\\backend\\src\\api\\routes.ts:56:14\n    at new Promise (<anonymous>)\n    at UserProfile.<anonymous> (C:\\Users\\VIJAY L\\Desktop\\backend\\src\\api\\routes.ts:54:12)\n    at Generator.next (<anonymous>)\n    at C:\\Users\\VIJAY L\\Desktop\\backend\\src\\api\\routes.ts:8:71\n    at new Promise (<anonymous>)","timestamp":"2024-10-07T07:20:34.108Z"}
{"level":"error","message":"Server not running... New route /api/v1/profile/address conflicts with existing /api/v1/profile/address","name":"AssertError","stack":"AssertError: New route /api/v1/profile/address conflicts with existing /api/v1/profile/address\n    at module.exports.internals.Segment.internals.Segment.add (C:\\Users\\VIJAY L\\Desktop\\backend\\node_modules\\@hapi\\call\\lib\\segment.js:47:14)\n    at exports.Router.internals.Router.internals.Router.add (C:\\Users\\VIJAY L\\Desktop\\backend\\node_modules\\@hapi\\call\\lib\\index.js:65:16)\n    at internals.Server._addRoute (C:\\Users\\VIJAY L\\Desktop\\backend\\node_modules\\@hapi\\hapi\\lib\\server.js:529:46)\n    at internals.Server.route (C:\\Users\\VIJAY L\\Desktop\\backend\\node_modules\\@hapi\\hapi\\lib\\server.js:518:22)\n    at C:\\Users\\VIJAY L\\Desktop\\backend\\src\\api\\routes.ts:56:14\n    at new Promise (<anonymous>)\n    at UserProfile.<anonymous> (C:\\Users\\VIJAY L\\Desktop\\backend\\src\\api\\routes.ts:54:12)\n    at Generator.next (<anonymous>)\n    at C:\\Users\\VIJAY L\\Desktop\\backend\\src\\api\\routes.ts:8:71\n    at new Promise (<anonymous>)","timestamp":"2024-10-07T07:20:57.815Z"}
{"level":"info","message":"server running --- from server.ts","timestamp":"2024-10-07T07:22:12.260Z"}
{"level":"info","message":"Router-----store Address","timestamp":"2024-10-07T07:22:14.277Z"}
{"level":"info","message":"GET URL REQ => http://localhost:6200/api/v1/profile/address","timestamp":"2024-10-07T07:22:14.278Z"}
{"level":"error","message":"Error in userLogin: Cannot read properties of undefined (reading 'success')","stack":"TypeError: Cannot read properties of undefined (reading 'success')\n    at UserController.<anonymous> (C:\\Users\\VIJAY L\\Desktop\\backend\\src\\api\\controller.ts:67:18)\n    at Generator.next (<anonymous>)\n    at fulfilled (C:\\Users\\VIJAY L\\Desktop\\backend\\src\\api\\controller.ts:5:58)\n    at processTicksAndRejections (node:internal/process/task_queues:95:5)","timestamp":"2024-10-07T07:22:14.288Z"}
{"level":"info","message":"server running --- from server.ts","timestamp":"2024-10-07T07:23:13.558Z"}
{"level":"info","message":"Router-----store Address","timestamp":"2024-10-07T07:23:15.957Z"}
{"level":"info","message":"GET URL REQ => http://localhost:6200/api/v1/profile/address","timestamp":"2024-10-07T07:23:15.958Z"}
{"level":"info","message":"server running --- from server.ts","timestamp":"2024-10-07T07:23:41.734Z"}
{"level":"info","message":"Router-----store Address","timestamp":"2024-10-07T07:23:43.691Z"}
{"level":"info","message":"GET URL REQ => http://localhost:6200/api/v1/profile/address","timestamp":"2024-10-07T07:23:43.692Z"}
{"level":"info","message":"server running --- from server.ts","timestamp":"2024-10-07T07:24:39.278Z"}
{"level":"info","message":"server running --- from server.ts","timestamp":"2024-10-07T07:27:32.370Z"}
{"level":"info","message":"server running --- from server.ts","timestamp":"2024-10-07T07:27:47.158Z"}
{"level":"info","message":"server running --- from server.ts","timestamp":"2024-10-07T07:28:16.982Z"}
{"level":"info","message":"server running --- from server.ts","timestamp":"2024-10-07T07:28:32.427Z"}
{"level":"info","message":"server running --- from server.ts","timestamp":"2024-10-07T07:29:01.938Z"}
{"level":"info","message":"server running --- from server.ts","timestamp":"2024-10-07T07:29:35.127Z"}
{"level":"info","message":"server running --- from server.ts","timestamp":"2024-10-07T07:29:43.854Z"}
{"level":"info","message":"server running --- from server.ts","timestamp":"2024-10-07T07:30:26.956Z"}
{"level":"info","message":"server running --- from server.ts","timestamp":"2024-10-07T07:30:39.300Z"}
{"level":"info","message":"server running --- from server.ts","timestamp":"2024-10-07T07:30:49.310Z"}
{"level":"info","message":"server running --- from server.ts","timestamp":"2024-10-07T07:31:00.476Z"}
{"level":"info","message":"server running --- from server.ts","timestamp":"2024-10-07T07:31:03.971Z"}
{"level":"info","message":"server running --- from server.ts","timestamp":"2024-10-07T07:31:09.359Z"}
{"level":"info","message":"server running --- from server.ts","timestamp":"2024-10-07T07:31:15.966Z"}
{"level":"info","message":"server running --- from server.ts","timestamp":"2024-10-07T07:31:25.889Z"}
{"level":"info","message":"server running --- from server.ts","timestamp":"2024-10-07T07:40:16.795Z"}
{"level":"info","message":"server running --- from server.ts","timestamp":"2024-10-07T07:44:24.333Z"}
{"level":"info","message":"server running --- from server.ts","timestamp":"2024-10-07T07:44:43.853Z"}
{"level":"info","message":"server running --- from server.ts","timestamp":"2024-10-07T07:44:51.896Z"}
{"level":"info","message":"server running --- from server.ts","timestamp":"2024-10-07T07:45:07.295Z"}
{"level":"info","message":"server running --- from server.ts","timestamp":"2024-10-07T07:45:16.253Z"}
{"level":"info","message":"server running --- from server.ts","timestamp":"2024-10-07T07:45:25.138Z"}
{"level":"info","message":"server running --- from server.ts","timestamp":"2024-10-07T07:45:31.689Z"}
{"level":"info","message":"server running --- from server.ts","timestamp":"2024-10-07T07:45:36.189Z"}
{"level":"info","message":"server running --- from server.ts","timestamp":"2024-10-07T07:45:42.509Z"}
{"level":"info","message":"server running --- from server.ts","timestamp":"2024-10-07T07:45:50.697Z"}
{"level":"info","message":"server running --- from server.ts","timestamp":"2024-10-07T07:45:53.644Z"}
{"level":"info","message":"server running --- from server.ts","timestamp":"2024-10-07T07:46:20.222Z"}
{"level":"info","message":"server running --- from server.ts","timestamp":"2024-10-07T07:46:29.910Z"}
{"level":"info","message":"server running --- from server.ts","timestamp":"2024-10-07T07:46:33.703Z"}
{"level":"info","message":"server running --- from server.ts","timestamp":"2024-10-07T07:46:42.570Z"}
{"level":"info","message":"server running --- from server.ts","timestamp":"2024-10-07T07:46:47.895Z"}
{"level":"info","message":"server running --- from server.ts","timestamp":"2024-10-07T07:47:16.625Z"}
{"level":"info","message":"server running --- from server.ts","timestamp":"2024-10-07T07:47:23.314Z"}
{"level":"info","message":"server running --- from server.ts","timestamp":"2024-10-07T07:47:47.860Z"}
{"level":"info","message":"server running --- from server.ts","timestamp":"2024-10-07T07:48:02.634Z"}
{"level":"info","message":"server running --- from server.ts","timestamp":"2024-10-07T07:48:29.935Z"}
{"level":"info","message":"server running --- from server.ts","timestamp":"2024-10-07T07:49:03.508Z"}
{"level":"info","message":"server running --- from server.ts","timestamp":"2024-10-07T07:49:07.968Z"}
{"level":"info","message":"server running --- from server.ts","timestamp":"2024-10-07T07:49:12.454Z"}
{"level":"info","message":"server running --- from server.ts","timestamp":"2024-10-07T07:49:16.142Z"}
{"level":"info","message":"server running --- from server.ts","timestamp":"2024-10-07T07:49:24.478Z"}
{"level":"info","message":"server running --- from server.ts","timestamp":"2024-10-07T07:49:29.076Z"}
{"level":"info","message":"server running --- from server.ts","timestamp":"2024-10-07T07:49:32.263Z"}
{"level":"info","message":"server running --- from server.ts","timestamp":"2024-10-07T08:23:32.197Z"}
{"level":"info","message":"server running --- from server.ts","timestamp":"2024-10-07T08:23:36.213Z"}
{"level":"info","message":"server running --- from server.ts","timestamp":"2024-10-07T08:23:54.895Z"}
{"level":"info","message":"server running --- from server.ts","timestamp":"2024-10-07T08:23:57.481Z"}
{"level":"info","message":"server running --- from server.ts","timestamp":"2024-10-07T08:24:01.838Z"}
{"level":"info","message":"server running --- from server.ts","timestamp":"2024-10-07T08:24:43.006Z"}
{"level":"info","message":"server running --- from server.ts","timestamp":"2024-10-07T08:24:48.523Z"}
{"level":"info","message":"server running --- from server.ts","timestamp":"2024-10-07T08:24:54.055Z"}
{"level":"info","message":"server running --- from server.ts","timestamp":"2024-10-07T08:24:58.620Z"}
{"level":"info","message":"server running --- from server.ts","timestamp":"2024-10-07T08:25:05.405Z"}
{"level":"info","message":"Router-----store Address","timestamp":"2024-10-07T08:25:15.508Z"}
{"level":"info","message":"GET URL REQ => http://localhost:6200/api/v1/profile/address","timestamp":"2024-10-07T08:25:15.509Z"}
{"level":"error","message":"Error in userLogin: this.userRepository.userAddressV1 is not a function","stack":"TypeError: this.userRepository.userAddressV1 is not a function\n    at Resolver.<anonymous> (C:\\Users\\VIJAY L\\Desktop\\backend\\src\\api\\resolver.ts:21:38)\n    at Generator.next (<anonymous>)\n    at C:\\Users\\VIJAY L\\Desktop\\backend\\src\\api\\resolver.ts:8:71\n    at new Promise (<anonymous>)\n    at __awaiter (C:\\Users\\VIJAY L\\Desktop\\backend\\src\\api\\resolver.ts:4:12)\n    at Resolver.userAddressV1 (C:\\Users\\VIJAY L\\Desktop\\backend\\src\\api\\resolver.ts:30:16)\n    at UserController.<anonymous> (C:\\Users\\VIJAY L\\Desktop\\backend\\src\\api\\controller.ts:60:36)\n    at Generator.next (<anonymous>)\n    at C:\\Users\\VIJAY L\\Desktop\\backend\\src\\api\\controller.ts:8:71\n    at new Promise (<anonymous>)","timestamp":"2024-10-07T08:25:15.519Z"}
{"level":"info","message":"server running --- from server.ts","timestamp":"2024-10-07T08:25:54.395Z"}
{"level":"info","message":"server running --- from server.ts","timestamp":"2024-10-07T08:26:59.791Z"}
{"level":"info","message":"server running --- from server.ts","timestamp":"2024-10-07T08:30:35.658Z"}
{"level":"info","message":"Router-----store Address","timestamp":"2024-10-07T08:32:43.204Z"}
{"level":"info","message":"GET URL REQ => http://localhost:6200/api/v1/profile/address","timestamp":"2024-10-07T08:32:43.205Z"}
{"level":"info","message":"server running --- from server.ts","timestamp":"2024-10-07T08:33:01.351Z"}
{"level":"info","message":"Router-----store Address","timestamp":"2024-10-07T08:33:01.600Z"}
{"level":"info","message":"GET URL REQ => http://localhost:6200/api/v1/profile/address","timestamp":"2024-10-07T08:33:01.601Z"}
{"level":"info","message":"server running --- from server.ts","timestamp":"2024-10-07T08:33:45.269Z"}
{"level":"info","message":"Router-----store Address","timestamp":"2024-10-07T08:34:01.533Z"}
{"level":"info","message":"GET URL REQ => http://localhost:6200/api/v1/profile/address","timestamp":"2024-10-07T08:34:01.536Z"}
{"level":"info","message":"server running --- from server.ts","timestamp":"2024-10-07T08:34:39.103Z"}
{"level":"info","message":"server running --- from server.ts","timestamp":"2024-10-07T08:35:13.814Z"}
{"level":"info","message":"Router-----store Address","timestamp":"2024-10-07T08:35:19.254Z"}
{"level":"info","message":"GET URL REQ => http://localhost:6200/api/v1/profile/address","timestamp":"2024-10-07T08:35:19.254Z"}
{"level":"info","message":"server running --- from server.ts","timestamp":"2024-10-07T08:36:32.916Z"}
{"level":"info","message":"server running --- from server.ts","timestamp":"2024-10-07T08:36:42.539Z"}
{"level":"info","message":"server running --- from server.ts","timestamp":"2024-10-07T08:36:45.867Z"}
{"level":"info","message":"Router-----store Address","timestamp":"2024-10-07T08:36:48.364Z"}
{"level":"info","message":"GET URL REQ => http://localhost:6200/api/v1/profile/address","timestamp":"2024-10-07T08:36:48.365Z"}
{"level":"info","message":"server running --- from server.ts","timestamp":"2024-10-07T08:37:04.129Z"}
{"level":"info","message":"Router-----store Address","timestamp":"2024-10-07T08:37:05.630Z"}
{"level":"info","message":"GET URL REQ => http://localhost:6200/api/v1/profile/address","timestamp":"2024-10-07T08:37:05.631Z"}
{"level":"info","message":"server running --- from server.ts","timestamp":"2024-10-07T08:39:01.298Z"}
{"level":"info","message":"server running --- from server.ts","timestamp":"2024-10-07T08:39:26.678Z"}
{"level":"info","message":"server running --- from server.ts","timestamp":"2024-10-07T08:39:40.307Z"}
{"level":"info","message":"server running --- from server.ts","timestamp":"2024-10-07T08:39:46.590Z"}
{"level":"info","message":"server running --- from server.ts","timestamp":"2024-10-07T08:39:54.015Z"}
{"level":"info","message":"server running --- from server.ts","timestamp":"2024-10-07T08:40:02.075Z"}
{"level":"info","message":"server running --- from server.ts","timestamp":"2024-10-07T08:40:10.002Z"}
{"level":"info","message":"server running --- from server.ts","timestamp":"2024-10-07T08:41:44.674Z"}
{"level":"info","message":"server running --- from server.ts","timestamp":"2024-10-07T08:41:57.523Z"}
{"level":"info","message":"server running --- from server.ts","timestamp":"2024-10-07T08:42:06.321Z"}
{"level":"info","message":"server running --- from server.ts","timestamp":"2024-10-07T08:42:14.266Z"}
{"level":"info","message":"server running --- from server.ts","timestamp":"2024-10-07T08:42:20.906Z"}
{"level":"info","message":"server running --- from server.ts","timestamp":"2024-10-07T08:42:25.588Z"}
{"level":"info","message":"server running --- from server.ts","timestamp":"2024-10-07T08:42:42.424Z"}
{"level":"info","message":"server running --- from server.ts","timestamp":"2024-10-07T08:42:47.857Z"}
{"level":"info","message":"server running --- from server.ts","timestamp":"2024-10-07T08:42:55.940Z"}
{"level":"info","message":"server running --- from server.ts","timestamp":"2024-10-07T08:43:00.542Z"}
{"level":"info","message":"server running --- from server.ts","timestamp":"2024-10-07T08:43:09.754Z"}
{"level":"info","message":"server running --- from server.ts","timestamp":"2024-10-07T08:43:13.777Z"}
{"level":"info","message":"server running --- from server.ts","timestamp":"2024-10-07T08:43:18.415Z"}
{"level":"info","message":"server running --- from server.ts","timestamp":"2024-10-07T08:43:26.884Z"}
{"level":"info","message":"server running --- from server.ts","timestamp":"2024-10-07T08:43:33.030Z"}
{"level":"info","message":"server running --- from server.ts","timestamp":"2024-10-07T08:43:38.581Z"}
{"level":"info","message":"server running --- from server.ts","timestamp":"2024-10-07T08:43:41.783Z"}
{"level":"info","message":"server running --- from server.ts","timestamp":"2024-10-07T08:43:45.739Z"}
{"level":"info","message":"server running --- from server.ts","timestamp":"2024-10-07T08:43:50.333Z"}
{"level":"info","message":"server running --- from server.ts","timestamp":"2024-10-07T08:43:53.985Z"}
{"level":"info","message":"server running --- from server.ts","timestamp":"2024-10-07T08:43:57.795Z"}
{"level":"info","message":"server running --- from server.ts","timestamp":"2024-10-07T08:44:02.241Z"}
{"level":"info","message":"server running --- from server.ts","timestamp":"2024-10-07T08:44:05.817Z"}
{"level":"info","message":"server running --- from server.ts","timestamp":"2024-10-07T08:44:51.565Z"}
{"level":"info","message":"server running --- from server.ts","timestamp":"2024-10-07T08:46:38.204Z"}
{"level":"info","message":"server running --- from server.ts","timestamp":"2024-10-07T08:47:30.156Z"}
{"level":"info","message":"server running --- from server.ts","timestamp":"2024-10-07T08:48:08.529Z"}
{"level":"info","message":"server running --- from server.ts","timestamp":"2024-10-07T08:48:14.159Z"}
{"level":"info","message":"server running --- from server.ts","timestamp":"2024-10-07T10:00:39.003Z"}
{"level":"info","message":"server running --- from server.ts","timestamp":"2024-10-07T10:00:56.170Z"}
{"level":"info","message":"server running --- from server.ts","timestamp":"2024-10-07T10:01:30.217Z"}
{"level":"info","message":"server running --- from server.ts","timestamp":"2024-10-07T10:01:49.063Z"}
{"level":"info","message":"server running --- from server.ts","timestamp":"2024-10-07T10:01:58.369Z"}
{"level":"info","message":"server running --- from server.ts","timestamp":"2024-10-07T10:02:08.711Z"}
{"level":"info","message":"server running --- from server.ts","timestamp":"2024-10-07T10:03:48.970Z"}
{"level":"info","message":"server running --- from server.ts","timestamp":"2024-10-07T10:05:07.341Z"}
{"level":"info","message":"server running --- from server.ts","timestamp":"2024-10-07T10:05:13.161Z"}
{"level":"info","message":"server running --- from server.ts","timestamp":"2024-10-07T10:05:22.420Z"}
{"level":"info","message":"server running --- from server.ts","timestamp":"2024-10-07T10:05:26.109Z"}
{"level":"info","message":"server running --- from server.ts","timestamp":"2024-10-07T10:05:40.425Z"}
{"level":"info","message":"server running --- from server.ts","timestamp":"2024-10-07T10:06:03.901Z"}
{"level":"info","message":"server running --- from server.ts","timestamp":"2024-10-07T10:06:09.129Z"}
{"level":"info","message":"server running --- from server.ts","timestamp":"2024-10-07T10:06:32.498Z"}
{"level":"info","message":"server running --- from server.ts","timestamp":"2024-10-07T10:06:38.339Z"}
{"level":"info","message":"server running --- from server.ts","timestamp":"2024-10-07T10:06:42.280Z"}
{"level":"info","message":"server running --- from server.ts","timestamp":"2024-10-07T10:10:21.310Z"}
{"level":"info","message":"server running --- from server.ts","timestamp":"2024-10-07T10:10:23.924Z"}
{"level":"info","message":"server running --- from server.ts","timestamp":"2024-10-07T10:10:29.921Z"}
{"level":"info","message":"server running --- from server.ts","timestamp":"2024-10-07T10:10:33.615Z"}
{"level":"info","message":"server running --- from server.ts","timestamp":"2024-10-07T10:10:59.852Z"}
{"level":"info","message":"server running --- from server.ts","timestamp":"2024-10-07T10:12:29.433Z"}
{"level":"info","message":"server running --- from server.ts","timestamp":"2024-10-07T10:12:35.665Z"}
{"level":"info","message":"server running --- from server.ts","timestamp":"2024-10-07T10:12:43.713Z"}
{"level":"info","message":"server running --- from server.ts","timestamp":"2024-10-07T10:12:48.153Z"}
{"level":"info","message":"server running --- from server.ts","timestamp":"2024-10-07T10:12:53.552Z"}
{"level":"info","message":"server running --- from server.ts","timestamp":"2024-10-07T10:13:00.125Z"}
{"level":"info","message":"server running --- from server.ts","timestamp":"2024-10-07T10:13:03.876Z"}
{"level":"info","message":"server running --- from server.ts","timestamp":"2024-10-07T10:13:11.759Z"}
{"level":"info","message":"server running --- from server.ts","timestamp":"2024-10-07T10:14:20.774Z"}
{"level":"info","message":"server running --- from server.ts","timestamp":"2024-10-07T10:14:27.421Z"}
{"level":"info","message":"server running --- from server.ts","timestamp":"2024-10-07T10:14:33.321Z"}
{"level":"info","message":"server running --- from server.ts","timestamp":"2024-10-07T10:14:40.557Z"}
{"level":"info","message":"server running --- from server.ts","timestamp":"2024-10-07T10:14:46.429Z"}
{"level":"info","message":"server running --- from server.ts","timestamp":"2024-10-07T10:14:54.223Z"}
{"level":"info","message":"server running --- from server.ts","timestamp":"2024-10-07T10:15:06.891Z"}
{"level":"info","message":"server running --- from server.ts","timestamp":"2024-10-07T10:15:11.366Z"}
{"level":"info","message":"server running --- from server.ts","timestamp":"2024-10-07T10:15:35.716Z"}
{"level":"info","message":"server running --- from server.ts","timestamp":"2024-10-07T10:15:38.503Z"}
{"level":"info","message":"server running --- from server.ts","timestamp":"2024-10-07T10:16:32.564Z"}
{"level":"info","message":"server running --- from server.ts","timestamp":"2024-10-07T10:16:37.882Z"}
{"level":"info","message":"server running --- from server.ts","timestamp":"2024-10-07T10:16:47.787Z"}
{"level":"info","message":"server running --- from server.ts","timestamp":"2024-10-07T10:17:18.085Z"}
{"level":"info","message":"server running --- from server.ts","timestamp":"2024-10-07T10:17:24.111Z"}
{"level":"info","message":"server running --- from server.ts","timestamp":"2024-10-07T10:17:27.507Z"}
{"level":"info","message":"server running --- from server.ts","timestamp":"2024-10-07T10:17:30.434Z"}
{"level":"info","message":"server running --- from server.ts","timestamp":"2024-10-07T10:17:37.504Z"}
{"level":"info","message":"server running --- from server.ts","timestamp":"2024-10-07T10:18:24.629Z"}
{"level":"info","message":"server running --- from server.ts","timestamp":"2024-10-07T10:18:48.747Z"}
{"level":"info","message":"server running --- from server.ts","timestamp":"2024-10-07T10:18:56.265Z"}
{"level":"info","message":"server running --- from server.ts","timestamp":"2024-10-07T10:19:02.191Z"}
{"level":"info","message":"server running --- from server.ts","timestamp":"2024-10-07T10:19:19.624Z"}
{"level":"info","message":"server running --- from server.ts","timestamp":"2024-10-07T10:19:36.812Z"}
{"level":"info","message":"server running --- from server.ts","timestamp":"2024-10-07T10:19:55.529Z"}
{"level":"info","message":"Router-----store Address","timestamp":"2024-10-07T10:21:22.313Z"}
{"level":"info","message":"GET URL REQ => http://localhost:6200/api/v1/profile/address","timestamp":"2024-10-07T10:21:22.313Z"}
{"level":"error","message":"Error in userLogin: Database query failed: password authentication failed for user \"postgres\"","stack":"Error: Database query failed: password authentication failed for user \"postgres\"\n    at C:\\Users\\VIJAY L\\Desktop\\backend\\src\\helper\\db.ts:27:11\n    at Generator.throw (<anonymous>)\n    at rejected (C:\\Users\\VIJAY L\\Desktop\\backend\\src\\helper\\db.ts:6:65)\n    at processTicksAndRejections (node:internal/process/task_queues:95:5)","timestamp":"2024-10-07T10:21:22.366Z"}
{"level":"info","message":"server running --- from server.ts","timestamp":"2024-10-07T10:21:50.898Z"}
{"level":"info","message":"server running --- from server.ts","timestamp":"2024-10-07T10:21:56.252Z"}
{"level":"info","message":"Router-----store Address","timestamp":"2024-10-07T10:21:59.221Z"}
{"level":"info","message":"GET URL REQ => http://localhost:6200/api/v1/profile/address","timestamp":"2024-10-07T10:21:59.222Z"}
{"level":"error","message":"Error in userLogin: Database query failed: INSERT has more target columns than expressions","stack":"Error: Database query failed: INSERT has more target columns than expressions\n    at C:\\Users\\VIJAY L\\Desktop\\backend\\src\\helper\\db.ts:27:11\n    at Generator.throw (<anonymous>)\n    at rejected (C:\\Users\\VIJAY L\\Desktop\\backend\\src\\helper\\db.ts:6:65)\n    at processTicksAndRejections (node:internal/process/task_queues:95:5)","timestamp":"2024-10-07T10:21:59.394Z"}
{"level":"info","message":"Router-----store Address","timestamp":"2024-10-07T10:24:08.296Z"}
{"level":"info","message":"GET URL REQ => http://localhost:6200/api/v1/profile/address","timestamp":"2024-10-07T10:24:08.296Z"}
{"level":"error","message":"Error in userLogin: Database query failed: INSERT has more target columns than expressions","stack":"Error: Database query failed: INSERT has more target columns than expressions\n    at C:\\Users\\VIJAY L\\Desktop\\backend\\src\\helper\\db.ts:27:11\n    at Generator.throw (<anonymous>)\n    at rejected (C:\\Users\\VIJAY L\\Desktop\\backend\\src\\helper\\db.ts:6:65)\n    at processTicksAndRejections (node:internal/process/task_queues:95:5)","timestamp":"2024-10-07T10:24:08.335Z"}
{"level":"info","message":"server running --- from server.ts","timestamp":"2024-10-07T10:24:18.441Z"}
{"level":"info","message":"Router-----store Address","timestamp":"2024-10-07T10:24:32.795Z"}
{"level":"info","message":"GET URL REQ => http://localhost:6200/api/v1/profile/address","timestamp":"2024-10-07T10:24:32.796Z"}
{"level":"error","message":"Error in userLogin: Database query failed: INSERT has more target columns than expressions","stack":"Error: Database query failed: INSERT has more target columns than expressions\n    at C:\\Users\\VIJAY L\\Desktop\\backend\\src\\helper\\db.ts:27:11\n    at Generator.throw (<anonymous>)\n    at rejected (C:\\Users\\VIJAY L\\Desktop\\backend\\src\\helper\\db.ts:6:65)\n    at processTicksAndRejections (node:internal/process/task_queues:95:5)","timestamp":"2024-10-07T10:24:32.859Z"}
{"level":"info","message":"server running --- from server.ts","timestamp":"2024-10-07T10:25:45.335Z"}
{"level":"info","message":"server running --- from server.ts","timestamp":"2024-10-07T10:25:57.428Z"}
{"level":"info","message":"Router-----store Address","timestamp":"2024-10-07T10:26:00.579Z"}
{"level":"info","message":"GET URL REQ => http://localhost:6200/api/v1/profile/address","timestamp":"2024-10-07T10:26:00.580Z"}
{"level":"error","message":"Error in userLogin: Database query failed: INSERT has more target columns than expressions","stack":"Error: Database query failed: INSERT has more target columns than expressions\n    at C:\\Users\\VIJAY L\\Desktop\\backend\\src\\helper\\db.ts:27:11\n    at Generator.throw (<anonymous>)\n    at rejected (C:\\Users\\VIJAY L\\Desktop\\backend\\src\\helper\\db.ts:6:65)\n    at processTicksAndRejections (node:internal/process/task_queues:95:5)","timestamp":"2024-10-07T10:26:00.645Z"}
{"level":"info","message":"server running --- from server.ts","timestamp":"2024-10-07T10:27:19.533Z"}
{"level":"info","message":"server running --- from server.ts","timestamp":"2024-10-07T10:27:28.100Z"}
{"level":"info","message":"server running --- from server.ts","timestamp":"2024-10-07T10:27:33.420Z"}
{"level":"info","message":"server running --- from server.ts","timestamp":"2024-10-07T10:27:38.023Z"}
{"level":"info","message":"server running --- from server.ts","timestamp":"2024-10-07T10:27:41.471Z"}
{"level":"info","message":"Router-----store Address","timestamp":"2024-10-07T10:27:43.261Z"}
{"level":"info","message":"GET URL REQ => http://localhost:6200/api/v1/profile/address","timestamp":"2024-10-07T10:27:43.262Z"}
{"level":"error","message":"Error in userLogin: Database query failed: INSERT has more target columns than expressions","stack":"Error: Database query failed: INSERT has more target columns than expressions\n    at C:\\Users\\VIJAY L\\Desktop\\backend\\src\\helper\\db.ts:27:11\n    at Generator.throw (<anonymous>)\n    at rejected (C:\\Users\\VIJAY L\\Desktop\\backend\\src\\helper\\db.ts:6:65)\n    at processTicksAndRejections (node:internal/process/task_queues:95:5)","timestamp":"2024-10-07T10:27:43.324Z"}
{"level":"info","message":"server running --- from server.ts","timestamp":"2024-10-07T10:28:52.131Z"}
{"level":"info","message":"server running --- from server.ts","timestamp":"2024-10-07T10:29:30.125Z"}
{"level":"info","message":"Router-----store Address","timestamp":"2024-10-07T10:30:25.701Z"}
{"level":"info","message":"GET URL REQ => http://localhost:6200/api/v1/profile/address","timestamp":"2024-10-07T10:30:25.702Z"}
{"level":"info","message":"server running --- from server.ts","timestamp":"2024-10-07T10:31:05.268Z"}
{"level":"info","message":"server running --- from server.ts","timestamp":"2024-10-07T10:31:08.968Z"}
{"level":"info","message":"Router-----store Address","timestamp":"2024-10-07T10:31:28.887Z"}
{"level":"info","message":"GET URL REQ => http://localhost:6200/api/v1/profile/address","timestamp":"2024-10-07T10:31:28.888Z"}
{"level":"info","message":"server running --- from server.ts","timestamp":"2024-10-07T10:33:16.484Z"}
{"level":"info","message":"server running --- from server.ts","timestamp":"2024-10-07T10:34:06.090Z"}
{"level":"info","message":"Router-----store Address","timestamp":"2024-10-07T10:34:15.980Z"}
{"level":"info","message":"GET URL REQ => http://localhost:6200/api/v1/profile/address","timestamp":"2024-10-07T10:34:15.981Z"}
{"level":"info","message":"server running --- from server.ts","timestamp":"2024-10-07T10:34:53.440Z"}
{"level":"info","message":"server running --- from server.ts","timestamp":"2024-10-07T10:37:32.961Z"}
{"level":"info","message":"server running --- from server.ts","timestamp":"2024-10-07T10:38:09.259Z"}
{"level":"info","message":"server running --- from server.ts","timestamp":"2024-10-07T10:39:17.231Z"}
{"level":"info","message":"server running --- from server.ts","timestamp":"2024-10-07T10:39:31.746Z"}
{"level":"info","message":"server running --- from server.ts","timestamp":"2024-10-07T10:39:35.388Z"}
{"level":"info","message":"server running --- from server.ts","timestamp":"2024-10-07T10:39:43.127Z"}
{"level":"info","message":"server running --- from server.ts","timestamp":"2024-10-07T10:39:47.683Z"}
{"level":"info","message":"server running --- from server.ts","timestamp":"2024-10-07T10:40:26.894Z"}
{"level":"info","message":"server running --- from server.ts","timestamp":"2024-10-07T10:41:03.490Z"}
{"level":"info","message":"server running --- from server.ts","timestamp":"2024-10-07T10:41:21.072Z"}
{"level":"info","message":"server running --- from server.ts","timestamp":"2024-10-07T10:41:29.052Z"}
{"level":"info","message":"server running --- from server.ts","timestamp":"2024-10-07T10:42:04.981Z"}
{"level":"info","message":"server running --- from server.ts","timestamp":"2024-10-07T10:43:13.451Z"}
{"level":"info","message":"server running --- from server.ts","timestamp":"2024-10-07T10:43:17.717Z"}
{"level":"info","message":"server running --- from server.ts","timestamp":"2024-10-07T10:43:35.316Z"}
{"level":"info","message":"server running --- from server.ts","timestamp":"2024-10-07T10:43:44.419Z"}
{"level":"info","message":"server running --- from server.ts","timestamp":"2024-10-07T10:43:55.383Z"}
{"level":"info","message":"server running --- from server.ts","timestamp":"2024-10-07T10:43:58.754Z"}
{"level":"info","message":"server running --- from server.ts","timestamp":"2024-10-07T10:44:03.737Z"}
{"level":"info","message":"server running --- from server.ts","timestamp":"2024-10-07T10:44:14.589Z"}
{"level":"info","message":"server running --- from server.ts","timestamp":"2024-10-07T10:44:25.766Z"}
{"level":"info","message":"server running --- from server.ts","timestamp":"2024-10-07T10:44:45.295Z"}
{"level":"info","message":"server running --- from server.ts","timestamp":"2024-10-07T10:44:59.943Z"}
{"level":"info","message":"server running --- from server.ts","timestamp":"2024-10-07T10:47:24.894Z"}
{"level":"info","message":"server running --- from server.ts","timestamp":"2024-10-07T10:47:31.058Z"}
{"level":"info","message":"server running --- from server.ts","timestamp":"2024-10-07T10:47:33.638Z"}
{"level":"info","message":"server running --- from server.ts","timestamp":"2024-10-07T10:47:37.399Z"}
{"level":"info","message":"server running --- from server.ts","timestamp":"2024-10-07T10:47:45.278Z"}
{"level":"info","message":"Router-----store Address","timestamp":"2024-10-07T10:48:14.221Z"}
{"level":"info","message":"GET URL REQ => http://localhost:6200/api/v1/profile/address","timestamp":"2024-10-07T10:48:14.222Z"}
{"level":"info","message":"server running --- from server.ts","timestamp":"2024-10-07T10:48:57.181Z"}
{"level":"info","message":"server running --- from server.ts","timestamp":"2024-10-07T10:49:01.825Z"}
{"level":"info","message":"Router-----store Address","timestamp":"2024-10-07T10:51:27.826Z"}
{"level":"info","message":"GET URL REQ => http://localhost:6200/api/v1/profile/address","timestamp":"2024-10-07T10:51:27.827Z"}
{"level":"info","message":"server running --- from server.ts","timestamp":"2024-10-07T10:54:00.690Z"}
{"level":"info","message":"server running --- from server.ts","timestamp":"2024-10-07T10:54:07.583Z"}
{"level":"info","message":"server running --- from server.ts","timestamp":"2024-10-07T10:54:12.731Z"}
{"level":"info","message":"server running --- from server.ts","timestamp":"2024-10-07T10:54:22.276Z"}
{"level":"info","message":"server running --- from server.ts","timestamp":"2024-10-07T10:58:12.538Z"}
{"level":"info","message":"server running --- from server.ts","timestamp":"2024-10-07T11:00:43.769Z"}
{"level":"error","message":"Server not running... New route /api/v1/profile/address conflicts with existing /api/v1/profile/address","name":"AssertError","stack":"AssertError: New route /api/v1/profile/address conflicts with existing /api/v1/profile/address\n    at module.exports.internals.Segment.internals.Segment.add (C:\\Users\\VIJAY L\\Desktop\\backend\\node_modules\\@hapi\\call\\lib\\segment.js:47:14)\n    at exports.Router.internals.Router.internals.Router.add (C:\\Users\\VIJAY L\\Desktop\\backend\\node_modules\\@hapi\\call\\lib\\index.js:65:16)\n    at internals.Server._addRoute (C:\\Users\\VIJAY L\\Desktop\\backend\\node_modules\\@hapi\\hapi\\lib\\server.js:529:46)\n    at internals.Server.route (C:\\Users\\VIJAY L\\Desktop\\backend\\node_modules\\@hapi\\hapi\\lib\\server.js:518:22)\n    at C:\\Users\\VIJAY L\\Desktop\\backend\\src\\api\\routes.ts:45:14\n    at new Promise (<anonymous>)\n    at UserProfile.<anonymous> (C:\\Users\\VIJAY L\\Desktop\\backend\\src\\api\\routes.ts:43:12)\n    at Generator.next (<anonymous>)\n    at C:\\Users\\VIJAY L\\Desktop\\backend\\src\\api\\routes.ts:8:71\n    at new Promise (<anonymous>)","timestamp":"2024-10-07T11:01:38.650Z"}
{"level":"info","message":"server running --- from server.ts","timestamp":"2024-10-07T11:01:45.706Z"}
{"level":"info","message":"server running --- from server.ts","timestamp":"2024-10-07T11:01:49.686Z"}
{"level":"info","message":"server running --- from server.ts","timestamp":"2024-10-07T11:01:57.723Z"}
{"level":"info","message":"server running --- from server.ts","timestamp":"2024-10-07T11:02:33.043Z"}
{"level":"info","message":"server running --- from server.ts","timestamp":"2024-10-07T11:02:50.451Z"}
{"level":"info","message":"server running --- from server.ts","timestamp":"2024-10-07T11:02:53.558Z"}
{"level":"info","message":"server running --- from server.ts","timestamp":"2024-10-07T11:02:56.497Z"}
{"level":"info","message":"server running --- from server.ts","timestamp":"2024-10-07T11:03:11.460Z"}
{"level":"info","message":"server running --- from server.ts","timestamp":"2024-10-07T11:03:26.665Z"}
{"level":"info","message":"server running --- from server.ts","timestamp":"2024-10-07T11:03:42.658Z"}
{"level":"info","message":"server running --- from server.ts","timestamp":"2024-10-07T11:03:48.977Z"}
{"level":"info","message":"server running --- from server.ts","timestamp":"2024-10-07T11:03:54.535Z"}
{"level":"info","message":"server running --- from server.ts","timestamp":"2024-10-07T11:03:57.901Z"}
{"level":"info","message":"server running --- from server.ts","timestamp":"2024-10-07T11:04:45.485Z"}
{"level":"info","message":"server running --- from server.ts","timestamp":"2024-10-07T11:04:51.506Z"}
{"level":"info","message":"server running --- from server.ts","timestamp":"2024-10-07T11:05:05.286Z"}
{"level":"info","message":"server running --- from server.ts","timestamp":"2024-10-07T11:05:13.933Z"}
{"level":"info","message":"server running --- from server.ts","timestamp":"2024-10-07T11:05:56.251Z"}
{"level":"info","message":"server running --- from server.ts","timestamp":"2024-10-07T11:05:58.907Z"}
{"level":"info","message":"server running --- from server.ts","timestamp":"2024-10-07T11:06:44.163Z"}
{"level":"info","message":"server running --- from server.ts","timestamp":"2024-10-07T11:06:58.664Z"}
{"level":"info","message":"server running --- from server.ts","timestamp":"2024-10-07T11:07:04.291Z"}
{"level":"info","message":"server running --- from server.ts","timestamp":"2024-10-07T11:07:09.863Z"}
{"level":"info","message":"server running --- from server.ts","timestamp":"2024-10-07T11:07:15.739Z"}
{"level":"info","message":"server running --- from server.ts","timestamp":"2024-10-07T11:07:28.345Z"}
{"level":"info","message":"server running --- from server.ts","timestamp":"2024-10-07T11:07:35.337Z"}
{"level":"info","message":"server running --- from server.ts","timestamp":"2024-10-07T11:07:48.550Z"}
{"level":"info","message":"server running --- from server.ts","timestamp":"2024-10-07T11:10:39.945Z"}
{"level":"info","message":"server running --- from server.ts","timestamp":"2024-10-07T11:11:56.864Z"}
{"level":"info","message":"server running --- from server.ts","timestamp":"2024-10-07T11:12:04.062Z"}
{"level":"info","message":"server running --- from server.ts","timestamp":"2024-10-07T11:13:13.551Z"}
{"level":"info","message":"server running --- from server.ts","timestamp":"2024-10-07T11:13:16.499Z"}
{"level":"info","message":"server running --- from server.ts","timestamp":"2024-10-07T11:14:07.081Z"}
{"level":"info","message":"server running --- from server.ts","timestamp":"2024-10-07T11:14:14.777Z"}
{"level":"info","message":"server running --- from server.ts","timestamp":"2024-10-07T11:14:39.222Z"}
{"level":"info","message":"server running --- from server.ts","timestamp":"2024-10-07T11:14:49.984Z"}
{"level":"info","message":"server running --- from server.ts","timestamp":"2024-10-07T11:14:55.766Z"}
{"level":"info","message":"server running --- from server.ts","timestamp":"2024-10-07T11:15:05.610Z"}
{"level":"info","message":"server running --- from server.ts","timestamp":"2024-10-07T11:15:11.381Z"}
{"level":"info","message":"server running --- from server.ts","timestamp":"2024-10-07T11:16:50.767Z"}
{"level":"info","message":"server running --- from server.ts","timestamp":"2024-10-07T11:16:56.306Z"}
{"level":"info","message":"server running --- from server.ts","timestamp":"2024-10-07T11:17:49.963Z"}
{"level":"info","message":"server running --- from server.ts","timestamp":"2024-10-07T11:17:55.386Z"}
{"level":"info","message":"server running --- from server.ts","timestamp":"2024-10-07T11:19:28.467Z"}
{"level":"info","message":"server running --- from server.ts","timestamp":"2024-10-07T11:19:46.856Z"}
{"level":"info","message":"server running --- from server.ts","timestamp":"2024-10-07T11:25:23.836Z"}
{"level":"info","message":"server running --- from server.ts","timestamp":"2024-10-07T11:25:34.332Z"}
{"level":"info","message":"server running --- from server.ts","timestamp":"2024-10-07T11:25:37.249Z"}
{"level":"info","message":"Router-----store General Health","timestamp":"2024-10-07T11:28:18.905Z"}
{"level":"info","message":"GET URL REQ => http://localhost:6200/api/v1/profile/generalHealth","timestamp":"2024-10-07T11:28:18.906Z"}
{"level":"info","message":"server running --- from server.ts","timestamp":"2024-10-07T11:29:49.511Z"}
{"level":"info","message":"server running --- from server.ts","timestamp":"2024-10-07T11:30:09.084Z"}
{"level":"info","message":"server running --- from server.ts","timestamp":"2024-10-07T11:30:32.792Z"}
{"level":"info","message":"server running --- from server.ts","timestamp":"2024-10-07T11:30:37.843Z"}
{"level":"info","message":"server running --- from server.ts","timestamp":"2024-10-07T11:31:02.004Z"}
{"level":"info","message":"server running --- from server.ts","timestamp":"2024-10-07T11:31:29.320Z"}
{"level":"info","message":"server running --- from server.ts","timestamp":"2024-10-07T11:31:54.266Z"}
{"level":"info","message":"server running --- from server.ts","timestamp":"2024-10-07T11:33:29.649Z"}
{"level":"info","message":"server running --- from server.ts","timestamp":"2024-10-07T11:34:09.324Z"}
{"level":"info","message":"server running --- from server.ts","timestamp":"2024-10-07T11:34:13.399Z"}
{"level":"info","message":"server running --- from server.ts","timestamp":"2024-10-07T11:34:19.646Z"}
{"level":"info","message":"server running --- from server.ts","timestamp":"2024-10-07T11:34:44.762Z"}
{"level":"info","message":"server running --- from server.ts","timestamp":"2024-10-07T11:34:53.305Z"}
{"level":"info","message":"server running --- from server.ts","timestamp":"2024-10-07T11:34:56.608Z"}
{"level":"info","message":"server running --- from server.ts","timestamp":"2024-10-07T11:35:17.036Z"}
{"level":"info","message":"server running --- from server.ts","timestamp":"2024-10-07T11:35:35.030Z"}
{"level":"info","message":"server running --- from server.ts","timestamp":"2024-10-07T11:35:38.545Z"}
{"level":"info","message":"server running --- from server.ts","timestamp":"2024-10-07T11:35:42.907Z"}
{"level":"info","message":"server running --- from server.ts","timestamp":"2024-10-07T11:35:58.717Z"}
{"level":"info","message":"server running --- from server.ts","timestamp":"2024-10-07T11:36:17.943Z"}
{"level":"info","message":"server running --- from server.ts","timestamp":"2024-10-07T11:36:22.622Z"}
{"level":"info","message":"server running --- from server.ts","timestamp":"2024-10-07T11:36:27.549Z"}
{"level":"info","message":"server running --- from server.ts","timestamp":"2024-10-07T11:36:43.382Z"}
{"level":"info","message":"server running --- from server.ts","timestamp":"2024-10-07T11:36:47.771Z"}
{"level":"info","message":"server running --- from server.ts","timestamp":"2024-10-07T11:36:52.451Z"}
{"level":"info","message":"server running --- from server.ts","timestamp":"2024-10-07T11:37:01.994Z"}
{"level":"info","message":"server running --- from server.ts","timestamp":"2024-10-07T11:37:09.241Z"}
{"level":"info","message":"server running --- from server.ts","timestamp":"2024-10-07T11:37:16.770Z"}
{"level":"info","message":"server running --- from server.ts","timestamp":"2024-10-07T11:37:21.459Z"}
{"level":"info","message":"server running --- from server.ts","timestamp":"2024-10-07T11:37:26.348Z"}
{"level":"info","message":"server running --- from server.ts","timestamp":"2024-10-07T11:37:31.627Z"}
{"level":"info","message":"server running --- from server.ts","timestamp":"2024-10-07T11:37:43.210Z"}
{"level":"info","message":"server running --- from server.ts","timestamp":"2024-10-07T11:37:50.137Z"}
{"level":"info","message":"server running --- from server.ts","timestamp":"2024-10-07T11:37:54.381Z"}
{"level":"info","message":"server running --- from server.ts","timestamp":"2024-10-07T11:38:02.099Z"}
{"level":"info","message":"server running --- from server.ts","timestamp":"2024-10-07T11:38:05.385Z"}
{"level":"info","message":"server running --- from server.ts","timestamp":"2024-10-07T11:38:19.720Z"}
{"level":"info","message":"server running --- from server.ts","timestamp":"2024-10-07T11:38:27.930Z"}
{"level":"info","message":"Router-----store General Health","timestamp":"2024-10-07T11:43:30.673Z"}
{"level":"info","message":"GET URL REQ => http://localhost:6200/api/v1/profile/generalHealth","timestamp":"2024-10-07T11:43:30.674Z"}
{"level":"error","message":"Error in userLogin: Cannot read properties of undefined (reading 'refHeight')","stack":"TypeError: Cannot read properties of undefined (reading 'refHeight')\n    at ProfileRepository.<anonymous> (C:\\Users\\VIJAY L\\Desktop\\backend\\src\\api\\profile\\profile-repository.ts:49:30)\n    at Generator.next (<anonymous>)\n    at C:\\Users\\VIJAY L\\Desktop\\backend\\src\\api\\profile\\profile-repository.ts:8:71\n    at new Promise (<anonymous>)\n    at __awaiter (C:\\Users\\VIJAY L\\Desktop\\backend\\src\\api\\profile\\profile-repository.ts:4:12)\n    at ProfileRepository.userGeneralHealthV1 (C:\\Users\\VIJAY L\\Desktop\\backend\\src\\api\\profile\\profile-repository.ts:51:16)\n    at ProfileResolver.<anonymous> (C:\\Users\\VIJAY L\\Desktop\\backend\\src\\api\\resolver.ts:35:41)\n    at Generator.next (<anonymous>)\n    at C:\\Users\\VIJAY L\\Desktop\\backend\\src\\api\\resolver.ts:8:71\n    at new Promise (<anonymous>)","timestamp":"2024-10-07T11:43:30.679Z"}
{"level":"info","message":"server running --- from server.ts","timestamp":"2024-10-07T11:44:27.453Z"}
{"level":"info","message":"Router-----store General Health","timestamp":"2024-10-07T11:44:29.051Z"}
{"level":"info","message":"GET URL REQ => http://localhost:6200/api/v1/profile/generalHealth","timestamp":"2024-10-07T11:44:29.052Z"}
{"level":"info","message":"server running --- from server.ts","timestamp":"2024-10-07T11:53:36.793Z"}
{"level":"info","message":"server running --- from server.ts","timestamp":"2024-10-07T11:58:31.791Z"}
{"level":"info","message":"server running --- from server.ts","timestamp":"2024-10-07T11:58:36.386Z"}
{"level":"info","message":"server running --- from server.ts","timestamp":"2024-10-07T11:58:39.452Z"}
{"level":"info","message":"server running --- from server.ts","timestamp":"2024-10-07T11:58:49.957Z"}
{"level":"info","message":"server running --- from server.ts","timestamp":"2024-10-07T11:58:56.420Z"}
{"level":"info","message":"server running --- from server.ts","timestamp":"2024-10-07T11:59:07.010Z"}
{"level":"info","message":"server running --- from server.ts","timestamp":"2024-10-07T12:04:50.455Z"}
{"level":"info","message":"server running --- from server.ts","timestamp":"2024-10-07T12:04:57.274Z"}
{"level":"info","message":"server running --- from server.ts","timestamp":"2024-10-07T12:05:05.813Z"}
{"level":"info","message":"server running --- from server.ts","timestamp":"2024-10-07T12:05:12.351Z"}
