{"level":"info","message":"server running --- from server.ts","timestamp":"2024-10-08T05:34:19.104Z"}
{"level":"info","message":"server running --- from server.ts","timestamp":"2024-10-08T05:36:15.256Z"}
{"level":"info","message":"server running --- from server.ts","timestamp":"2024-10-08T05:36:34.796Z"}
{"level":"info","message":"server running --- from server.ts","timestamp":"2024-10-08T05:37:09.372Z"}
{"level":"info","message":"Router - sign up page","timestamp":"2024-10-08T05:37:10.793Z"}
{"level":"error","message":"Error in userSignUp: Illegal arguments: undefined, number","stack":"Error: Illegal arguments: undefined, number\n    at _async (C:\\Users\\VIJAY L\\Desktop\\backend\\node_modules\\bcryptjs\\dist\\bcrypt.js:214:46)\n    at C:\\Users\\VIJAY L\\Desktop\\backend\\node_modules\\bcryptjs\\dist\\bcrypt.js:223:17\n    at new Promise (<anonymous>)\n    at Object.bcrypt.hash (C:\\Users\\VIJAY L\\Desktop\\backend\\node_modules\\bcryptjs\\dist\\bcrypt.js:222:20)\n    at UserRepository.<anonymous> (C:\\Users\\VIJAY L\\Desktop\\backend\\src\\api\\users\\user-repository.ts:49:41)\n    at Generator.next (<anonymous>)\n    at C:\\Users\\VIJAY L\\Desktop\\backend\\src\\api\\users\\user-repository.ts:8:71\n    at new Promise (<anonymous>)\n    at __awaiter (C:\\Users\\VIJAY L\\Desktop\\backend\\src\\api\\users\\user-repository.ts:4:12)\n    at UserRepository.userSignUpV1 (C:\\Users\\VIJAY L\\Desktop\\backend\\src\\api\\users\\user-repository.ts:50:16)","timestamp":"2024-10-08T05:37:10.802Z"}
{"level":"info","message":"server running --- from server.ts","timestamp":"2024-10-08T05:38:28.545Z"}
{"level":"info","message":"Router - sign up page","timestamp":"2024-10-08T05:38:50.546Z"}
{"level":"error","message":"Error in userSignUp: Database query failed: bind message supplies 9 parameters, but prepared statement \"\" requires 10","stack":"Error: Database query failed: bind message supplies 9 parameters, but prepared statement \"\" requires 10\n    at C:\\Users\\VIJAY L\\Desktop\\backend\\src\\helper\\db.ts:27:11\n    at Generator.throw (<anonymous>)\n    at rejected (C:\\Users\\VIJAY L\\Desktop\\backend\\src\\helper\\db.ts:6:65)\n    at processTicksAndRejections (node:internal/process/task_queues:95:5)","timestamp":"2024-10-08T05:38:50.855Z"}
{"level":"info","message":"server running --- from server.ts","timestamp":"2024-10-08T05:42:27.529Z"}
{"level":"info","message":"server running --- from server.ts","timestamp":"2024-10-08T05:47:03.383Z"}
{"level":"info","message":"server running --- from server.ts","timestamp":"2024-10-08T05:47:25.500Z"}
{"level":"info","message":"server running --- from server.ts","timestamp":"2024-10-08T05:47:32.283Z"}
{"level":"info","message":"server running --- from server.ts","timestamp":"2024-10-08T05:48:13.650Z"}
{"level":"info","message":"server running --- from server.ts","timestamp":"2024-10-08T05:48:29.127Z"}
{"level":"info","message":"server running --- from server.ts","timestamp":"2024-10-08T05:48:36.677Z"}
{"level":"info","message":"server running --- from server.ts","timestamp":"2024-10-08T05:48:52.912Z"}
{"level":"info","message":"server running --- from server.ts","timestamp":"2024-10-08T05:48:59.132Z"}
{"level":"info","message":"server running --- from server.ts","timestamp":"2024-10-08T05:49:29.766Z"}
{"level":"info","message":"Router - sign up page","timestamp":"2024-10-08T05:49:43.491Z"}
{"level":"error","message":"Error in userSignUp: Database query failed: null value in column \"refStId\" of relation \"users\" violates not-null constraint","stack":"Error: Database query failed: null value in column \"refStId\" of relation \"users\" violates not-null constraint\n    at C:\\Users\\VIJAY L\\Desktop\\backend\\src\\helper\\db.ts:27:11\n    at Generator.throw (<anonymous>)\n    at rejected (C:\\Users\\VIJAY L\\Desktop\\backend\\src\\helper\\db.ts:6:65)\n    at processTicksAndRejections (node:internal/process/task_queues:95:5)","timestamp":"2024-10-08T05:49:43.981Z"}
{"level":"info","message":"server running --- from server.ts","timestamp":"2024-10-08T05:50:48.358Z"}
{"level":"info","message":"server running --- from server.ts","timestamp":"2024-10-08T05:50:51.079Z"}
{"level":"info","message":"server running --- from server.ts","timestamp":"2024-10-08T05:50:56.822Z"}
{"level":"info","message":"server running --- from server.ts","timestamp":"2024-10-08T05:51:02.045Z"}
{"level":"info","message":"server running --- from server.ts","timestamp":"2024-10-08T05:51:07.841Z"}
{"level":"info","message":"server running --- from server.ts","timestamp":"2024-10-08T05:51:17.837Z"}
{"level":"info","message":"Router - sign up page","timestamp":"2024-10-08T05:51:21.814Z"}
{"level":"error","message":"Error in userSignUp: Database query failed: null value in column \"refStId\" of relation \"users\" violates not-null constraint","stack":"Error: Database query failed: null value in column \"refStId\" of relation \"users\" violates not-null constraint\n    at C:\\Users\\VIJAY L\\Desktop\\backend\\src\\helper\\db.ts:27:11\n    at Generator.throw (<anonymous>)\n    at rejected (C:\\Users\\VIJAY L\\Desktop\\backend\\src\\helper\\db.ts:6:65)\n    at processTicksAndRejections (node:internal/process/task_queues:95:5)","timestamp":"2024-10-08T05:51:22.064Z"}
{"level":"info","message":"server running --- from server.ts","timestamp":"2024-10-08T05:53:01.722Z"}
{"level":"info","message":"Router - sign up page","timestamp":"2024-10-08T05:53:02.321Z"}
{"level":"error","message":"Error in userSignUp: Database query failed: null value in column \"refStId\" of relation \"users\" violates not-null constraint","stack":"Error: Database query failed: null value in column \"refStId\" of relation \"users\" violates not-null constraint\n    at C:\\Users\\VIJAY L\\Desktop\\backend\\src\\helper\\db.ts:27:11\n    at Generator.throw (<anonymous>)\n    at rejected (C:\\Users\\VIJAY L\\Desktop\\backend\\src\\helper\\db.ts:6:65)\n    at processTicksAndRejections (node:internal/process/task_queues:95:5)","timestamp":"2024-10-08T05:53:02.666Z"}
{"level":"info","message":"server running --- from server.ts","timestamp":"2024-10-08T05:53:40.266Z"}
{"level":"info","message":"Router - sign up page","timestamp":"2024-10-08T05:53:43.427Z"}
{"level":"error","message":"Error in userSignUp: Database query failed: null value in column \"refStId\" of relation \"users\" violates not-null constraint","stack":"Error: Database query failed: null value in column \"refStId\" of relation \"users\" violates not-null constraint\n    at C:\\Users\\VIJAY L\\Desktop\\backend\\src\\helper\\db.ts:27:11\n    at Generator.throw (<anonymous>)\n    at rejected (C:\\Users\\VIJAY L\\Desktop\\backend\\src\\helper\\db.ts:6:65)\n    at processTicksAndRejections (node:internal/process/task_queues:95:5)","timestamp":"2024-10-08T05:53:43.914Z"}
{"level":"info","message":"server running --- from server.ts","timestamp":"2024-10-08T05:54:46.063Z"}
{"level":"info","message":"Router - sign up page","timestamp":"2024-10-08T05:54:50.679Z"}
{"level":"error","message":"Error in userSignUp: Database query failed: null value in column \"refStId\" of relation \"users\" violates not-null constraint","stack":"Error: Database query failed: null value in column \"refStId\" of relation \"users\" violates not-null constraint\n    at C:\\Users\\VIJAY L\\Desktop\\backend\\src\\helper\\db.ts:27:11\n    at Generator.throw (<anonymous>)\n    at rejected (C:\\Users\\VIJAY L\\Desktop\\backend\\src\\helper\\db.ts:6:65)\n    at processTicksAndRejections (node:internal/process/task_queues:95:5)","timestamp":"2024-10-08T05:54:51.043Z"}
{"level":"info","message":"server running --- from server.ts","timestamp":"2024-10-08T05:54:59.881Z"}
{"level":"info","message":"server running --- from server.ts","timestamp":"2024-10-08T05:55:08.181Z"}
{"level":"info","message":"server running --- from server.ts","timestamp":"2024-10-08T05:55:29.474Z"}
{"level":"info","message":"Router - sign up page","timestamp":"2024-10-08T05:55:37.061Z"}
{"level":"error","message":"Error in userSignUp: Database query failed: null value in column \"refStId\" of relation \"users\" violates not-null constraint","stack":"Error: Database query failed: null value in column \"refStId\" of relation \"users\" violates not-null constraint\n    at C:\\Users\\VIJAY L\\Desktop\\backend\\src\\helper\\db.ts:27:11\n    at Generator.throw (<anonymous>)\n    at rejected (C:\\Users\\VIJAY L\\Desktop\\backend\\src\\helper\\db.ts:6:65)\n    at processTicksAndRejections (node:internal/process/task_queues:95:5)","timestamp":"2024-10-08T05:55:37.525Z"}
{"level":"info","message":"server running --- from server.ts","timestamp":"2024-10-08T05:56:08.910Z"}
{"level":"info","message":"server running --- from server.ts","timestamp":"2024-10-08T05:56:17.847Z"}
{"level":"info","message":"Router - sign up page","timestamp":"2024-10-08T05:56:20.265Z"}
{"level":"error","message":"Error in userSignUp: Database query failed: null value in column \"refStId\" of relation \"users\" violates not-null constraint","stack":"Error: Database query failed: null value in column \"refStId\" of relation \"users\" violates not-null constraint\n    at C:\\Users\\VIJAY L\\Desktop\\backend\\src\\helper\\db.ts:27:11\n    at Generator.throw (<anonymous>)\n    at rejected (C:\\Users\\VIJAY L\\Desktop\\backend\\src\\helper\\db.ts:6:65)\n    at processTicksAndRejections (node:internal/process/task_queues:95:5)","timestamp":"2024-10-08T05:56:20.495Z"}
{"level":"info","message":"server running --- from server.ts","timestamp":"2024-10-08T05:56:40.213Z"}
{"level":"info","message":"server running --- from server.ts","timestamp":"2024-10-08T05:56:58.918Z"}
{"level":"info","message":"server running --- from server.ts","timestamp":"2024-10-08T05:57:07.590Z"}
{"level":"info","message":"server running --- from server.ts","timestamp":"2024-10-08T05:57:17.033Z"}
{"level":"info","message":"server running --- from server.ts","timestamp":"2024-10-08T05:57:23.723Z"}
{"level":"info","message":"server running --- from server.ts","timestamp":"2024-10-08T05:57:30.426Z"}
{"level":"info","message":"server running --- from server.ts","timestamp":"2024-10-08T05:57:33.826Z"}
{"level":"info","message":"Router - sign up page","timestamp":"2024-10-08T05:57:35.879Z"}
{"level":"error","message":"Error in userSignUp: Database query failed: null value in column \"refStId\" of relation \"users\" violates not-null constraint","stack":"Error: Database query failed: null value in column \"refStId\" of relation \"users\" violates not-null constraint\n    at C:\\Users\\VIJAY L\\Desktop\\backend\\src\\helper\\db.ts:27:11\n    at Generator.throw (<anonymous>)\n    at rejected (C:\\Users\\VIJAY L\\Desktop\\backend\\src\\helper\\db.ts:6:65)\n    at processTicksAndRejections (node:internal/process/task_queues:95:5)","timestamp":"2024-10-08T05:57:36.114Z"}
{"level":"info","message":"server running --- from server.ts","timestamp":"2024-10-08T05:57:50.703Z"}
{"level":"info","message":"server running --- from server.ts","timestamp":"2024-10-08T05:57:56.296Z"}
{"level":"info","message":"server running --- from server.ts","timestamp":"2024-10-08T05:58:02.081Z"}
{"level":"info","message":"server running --- from server.ts","timestamp":"2024-10-08T05:58:16.322Z"}
{"level":"info","message":"Router - sign up page","timestamp":"2024-10-08T05:58:22.067Z"}
{"level":"error","message":"Error in userSignUp: Database query failed: null value in column \"refStId\" of relation \"users\" violates not-null constraint","stack":"Error: Database query failed: null value in column \"refStId\" of relation \"users\" violates not-null constraint\n    at C:\\Users\\VIJAY L\\Desktop\\backend\\src\\helper\\db.ts:27:11\n    at Generator.throw (<anonymous>)\n    at rejected (C:\\Users\\VIJAY L\\Desktop\\backend\\src\\helper\\db.ts:6:65)\n    at processTicksAndRejections (node:internal/process/task_queues:95:5)","timestamp":"2024-10-08T05:58:22.297Z"}
{"level":"info","message":"Router - sign up page","timestamp":"2024-10-08T06:04:35.188Z"}
{"level":"error","message":"Error in userSignUp: Database query failed: null value in column \"refStId\" of relation \"users\" violates not-null constraint","stack":"Error: Database query failed: null value in column \"refStId\" of relation \"users\" violates not-null constraint\n    at C:\\Users\\VIJAY L\\Desktop\\backend\\src\\helper\\db.ts:27:11\n    at Generator.throw (<anonymous>)\n    at rejected (C:\\Users\\VIJAY L\\Desktop\\backend\\src\\helper\\db.ts:6:65)\n    at processTicksAndRejections (node:internal/process/task_queues:95:5)","timestamp":"2024-10-08T06:04:35.496Z"}
{"level":"info","message":"server running --- from server.ts","timestamp":"2024-10-08T06:06:16.369Z"}
{"level":"info","message":"server running --- from server.ts","timestamp":"2024-10-08T06:06:38.275Z"}
{"level":"info","message":"server running --- from server.ts","timestamp":"2024-10-08T06:06:47.003Z"}
{"level":"info","message":"Router - sign up page","timestamp":"2024-10-08T06:06:50.524Z"}
{"level":"error","message":"Error in userSignUp: Database query failed: null value in column \"refStId\" of relation \"users\" violates not-null constraint","stack":"Error: Database query failed: null value in column \"refStId\" of relation \"users\" violates not-null constraint\n    at C:\\Users\\VIJAY L\\Desktop\\backend\\src\\helper\\db.ts:27:11\n    at Generator.throw (<anonymous>)\n    at rejected (C:\\Users\\VIJAY L\\Desktop\\backend\\src\\helper\\db.ts:6:65)\n    at processTicksAndRejections (node:internal/process/task_queues:95:5)","timestamp":"2024-10-08T06:06:50.901Z"}
{"level":"info","message":"server running --- from server.ts","timestamp":"2024-10-08T06:08:24.907Z"}
{"level":"info","message":"server running --- from server.ts","timestamp":"2024-10-08T06:08:31.317Z"}
{"level":"info","message":"server running --- from server.ts","timestamp":"2024-10-08T06:08:38.315Z"}
{"level":"info","message":"Router - sign up page","timestamp":"2024-10-08T06:08:39.627Z"}
{"level":"error","message":"Error in userSignUp: Database query failed: null value in column \"refStId\" of relation \"users\" violates not-null constraint","stack":"Error: Database query failed: null value in column \"refStId\" of relation \"users\" violates not-null constraint\n    at C:\\Users\\VIJAY L\\Desktop\\backend\\src\\helper\\db.ts:27:11\n    at Generator.throw (<anonymous>)\n    at rejected (C:\\Users\\VIJAY L\\Desktop\\backend\\src\\helper\\db.ts:6:65)\n    at processTicksAndRejections (node:internal/process/task_queues:95:5)","timestamp":"2024-10-08T06:08:39.968Z"}
{"level":"info","message":"Router - sign up page","timestamp":"2024-10-08T06:10:05.681Z"}
{"level":"error","message":"Error in userSignUp: Database query failed: null value in column \"refStId\" of relation \"users\" violates not-null constraint","stack":"Error: Database query failed: null value in column \"refStId\" of relation \"users\" violates not-null constraint\n    at C:\\Users\\VIJAY L\\Desktop\\backend\\src\\helper\\db.ts:27:11\n    at Generator.throw (<anonymous>)\n    at rejected (C:\\Users\\VIJAY L\\Desktop\\backend\\src\\helper\\db.ts:6:65)\n    at processTicksAndRejections (node:internal/process/task_queues:95:5)","timestamp":"2024-10-08T06:10:05.883Z"}
{"level":"info","message":"server running --- from server.ts","timestamp":"2024-10-08T06:10:17.648Z"}
{"level":"info","message":"Router - sign up page","timestamp":"2024-10-08T06:11:16.503Z"}
{"level":"error","message":"Error in userSignUp: Database query failed: null value in column \"refStId\" of relation \"users\" violates not-null constraint","stack":"Error: Database query failed: null value in column \"refStId\" of relation \"users\" violates not-null constraint\n    at C:\\Users\\VIJAY L\\Desktop\\backend\\src\\helper\\db.ts:27:11\n    at Generator.throw (<anonymous>)\n    at rejected (C:\\Users\\VIJAY L\\Desktop\\backend\\src\\helper\\db.ts:6:65)\n    at processTicksAndRejections (node:internal/process/task_queues:95:5)","timestamp":"2024-10-08T06:11:16.866Z"}
{"level":"info","message":"Router - sign up page","timestamp":"2024-10-08T06:12:10.150Z"}
{"level":"error","message":"Error in userSignUp: Database query failed: null value in column \"refStId\" of relation \"users\" violates not-null constraint","stack":"Error: Database query failed: null value in column \"refStId\" of relation \"users\" violates not-null constraint\n    at C:\\Users\\VIJAY L\\Desktop\\backend\\src\\helper\\db.ts:27:11\n    at Generator.throw (<anonymous>)\n    at rejected (C:\\Users\\VIJAY L\\Desktop\\backend\\src\\helper\\db.ts:6:65)\n    at processTicksAndRejections (node:internal/process/task_queues:95:5)","timestamp":"2024-10-08T06:12:10.461Z"}
{"level":"info","message":"Router - sign up page","timestamp":"2024-10-08T06:13:04.627Z"}
{"level":"error","message":"Error in userSignUp: Database query failed: null value in column \"refUserId\" of relation \"refUsersDomain\" violates not-null constraint","stack":"Error: Database query failed: null value in column \"refUserId\" of relation \"refUsersDomain\" violates not-null constraint\n    at C:\\Users\\VIJAY L\\Desktop\\backend\\src\\helper\\db.ts:27:11\n    at Generator.throw (<anonymous>)\n    at rejected (C:\\Users\\VIJAY L\\Desktop\\backend\\src\\helper\\db.ts:6:65)\n    at processTicksAndRejections (node:internal/process/task_queues:95:5)","timestamp":"2024-10-08T06:13:05.174Z"}
{"level":"info","message":"Router - sign up page","timestamp":"2024-10-08T06:15:16.959Z"}
{"level":"error","message":"Error in userSignUp: Database query failed: syntax error at or near \")\"","stack":"Error: Database query failed: syntax error at or near \")\"\n    at C:\\Users\\VIJAY L\\Desktop\\backend\\src\\helper\\db.ts:27:11\n    at Generator.throw (<anonymous>)\n    at rejected (C:\\Users\\VIJAY L\\Desktop\\backend\\src\\helper\\db.ts:6:65)\n    at processTicksAndRejections (node:internal/process/task_queues:95:5)","timestamp":"2024-10-08T06:15:17.529Z"}
{"level":"info","message":"server running --- from server.ts","timestamp":"2024-10-08T06:19:12.632Z"}
{"level":"info","message":"Router - sign up page","timestamp":"2024-10-08T06:19:17.615Z"}
{"level":"error","message":"Error in userSignUp: Database query failed: syntax error at or near \")\"","stack":"Error: Database query failed: syntax error at or near \")\"\n    at C:\\Users\\VIJAY L\\Desktop\\backend\\src\\helper\\db.ts:27:11\n    at Generator.throw (<anonymous>)\n    at rejected (C:\\Users\\VIJAY L\\Desktop\\backend\\src\\helper\\db.ts:6:65)\n    at processTicksAndRejections (node:internal/process/task_queues:95:5)","timestamp":"2024-10-08T06:19:18.308Z"}
{"level":"info","message":"server running --- from server.ts","timestamp":"2024-10-08T06:20:30.126Z"}
{"level":"info","message":"server running --- from server.ts","timestamp":"2024-10-08T06:20:44.546Z"}
{"level":"info","message":"Router - sign up page","timestamp":"2024-10-08T06:20:50.296Z"}
{"level":"error","message":"Error in userSignUp: Database query failed: column \"refCtMobile\" of relation \"refUsersDomain\" does not exist","stack":"Error: Database query failed: column \"refCtMobile\" of relation \"refUsersDomain\" does not exist\n    at C:\\Users\\VIJAY L\\Desktop\\backend\\src\\helper\\db.ts:27:11\n    at Generator.throw (<anonymous>)\n    at rejected (C:\\Users\\VIJAY L\\Desktop\\backend\\src\\helper\\db.ts:6:65)\n    at processTicksAndRejections (node:internal/process/task_queues:95:5)","timestamp":"2024-10-08T06:20:50.990Z"}
{"level":"info","message":"server running --- from server.ts","timestamp":"2024-10-08T06:22:54.160Z"}
{"level":"info","message":"server running --- from server.ts","timestamp":"2024-10-08T06:22:57.530Z"}
{"level":"info","message":"Router - sign up page","timestamp":"2024-10-08T06:22:58.988Z"}
{"level":"info","message":"server running --- from server.ts","timestamp":"2024-10-08T06:29:01.329Z"}
{"level":"info","message":"server running --- from server.ts","timestamp":"2024-10-08T06:29:03.931Z"}
{"level":"info","message":"server running --- from server.ts","timestamp":"2024-10-08T06:29:08.932Z"}
{"level":"info","message":"server running --- from server.ts","timestamp":"2024-10-08T06:29:14.926Z"}
{"level":"info","message":"server running --- from server.ts","timestamp":"2024-10-08T06:31:03.288Z"}
{"level":"info","message":"server running --- from server.ts","timestamp":"2024-10-08T06:33:23.956Z"}
{"level":"info","message":"server running --- from server.ts","timestamp":"2024-10-08T06:33:45.898Z"}
{"level":"info","message":"server running --- from server.ts","timestamp":"2024-10-08T06:34:21.579Z"}
{"level":"info","message":"server running --- from server.ts","timestamp":"2024-10-08T06:34:24.531Z"}
{"level":"info","message":"server running --- from server.ts","timestamp":"2024-10-08T06:34:33.351Z"}
{"level":"info","message":"server running --- from server.ts","timestamp":"2024-10-08T06:34:45.668Z"}
{"level":"info","message":"server running --- from server.ts","timestamp":"2024-10-08T06:34:50.690Z"}
{"level":"info","message":"Router - sign up page","timestamp":"2024-10-08T06:34:58.973Z"}
{"level":"info","message":"server running --- from server.ts","timestamp":"2024-10-08T06:35:37.450Z"}
{"level":"info","message":"server running --- from server.ts","timestamp":"2024-10-08T06:35:49.910Z"}
{"level":"info","message":"Router - sign up page","timestamp":"2024-10-08T06:35:50.875Z"}
{"level":"info","message":"server running --- from server.ts","timestamp":"2024-10-08T06:36:48.359Z"}
{"level":"info","message":"server running --- from server.ts","timestamp":"2024-10-08T06:36:55.308Z"}
{"level":"info","message":"server running --- from server.ts","timestamp":"2024-10-08T06:36:59.049Z"}
{"level":"info","message":"server running --- from server.ts","timestamp":"2024-10-08T06:37:02.256Z"}
{"level":"info","message":"server running --- from server.ts","timestamp":"2024-10-08T06:37:06.234Z"}
{"level":"info","message":"server running --- from server.ts","timestamp":"2024-10-08T06:37:12.210Z"}
{"level":"info","message":"server running --- from server.ts","timestamp":"2024-10-08T06:37:14.786Z"}
{"level":"info","message":"server running --- from server.ts","timestamp":"2024-10-08T06:37:31.561Z"}
{"level":"info","message":"Router - sign up page","timestamp":"2024-10-08T06:37:33.068Z"}
{"level":"info","message":"server running --- from server.ts","timestamp":"2024-10-08T06:38:10.477Z"}
{"level":"info","message":"Router - sign up page","timestamp":"2024-10-08T06:38:14.420Z"}
{"level":"info","message":"server running --- from server.ts","timestamp":"2024-10-08T06:38:44.893Z"}
{"level":"info","message":"server running --- from server.ts","timestamp":"2024-10-08T06:38:52.076Z"}
{"level":"info","message":"server running --- from server.ts","timestamp":"2024-10-08T06:41:04.079Z"}
{"level":"info","message":"Router - sign up page","timestamp":"2024-10-08T06:41:17.895Z"}
{"level":"info","message":"Router - sign up page","timestamp":"2024-10-08T06:43:09.286Z"}
{"level":"info","message":"Router - sign up page","timestamp":"2024-10-08T06:43:23.041Z"}
{"level":"info","message":"server running --- from server.ts","timestamp":"2024-10-08T06:43:48.338Z"}
{"level":"info","message":"server running --- from server.ts","timestamp":"2024-10-08T06:43:58.805Z"}
{"level":"info","message":"server running --- from server.ts","timestamp":"2024-10-08T06:44:05.279Z"}
{"level":"info","message":"server running --- from server.ts","timestamp":"2024-10-08T06:44:31.922Z"}
{"level":"info","message":"Router - sign up page","timestamp":"2024-10-08T06:44:40.024Z"}
{"level":"info","message":"Router - sign up page","timestamp":"2024-10-08T06:44:45.818Z"}
{"level":"info","message":"Router - sign up page","timestamp":"2024-10-08T06:45:55.741Z"}
{"level":"info","message":"Router - sign up page","timestamp":"2024-10-08T06:46:04.259Z"}
{"level":"info","message":"server running --- from server.ts","timestamp":"2024-10-08T06:58:46.085Z"}
{"level":"info","message":"server running --- from server.ts","timestamp":"2024-10-08T06:58:51.366Z"}
{"level":"info","message":"server running --- from server.ts","timestamp":"2024-10-08T07:00:11.313Z"}
{"level":"info","message":"server running --- from server.ts","timestamp":"2024-10-08T07:00:31.723Z"}
{"level":"info","message":"server running --- from server.ts","timestamp":"2024-10-08T07:01:58.807Z"}
{"level":"info","message":"server running --- from server.ts","timestamp":"2024-10-08T07:02:51.335Z"}
{"level":"info","message":"server running --- from server.ts","timestamp":"2024-10-08T07:03:04.734Z"}
{"level":"info","message":"server running --- from server.ts","timestamp":"2024-10-08T07:05:08.445Z"}
{"level":"info","message":"server running --- from server.ts","timestamp":"2024-10-08T07:05:12.566Z"}
{"level":"info","message":"server running --- from server.ts","timestamp":"2024-10-08T07:06:11.092Z"}
{"level":"info","message":"server running --- from server.ts","timestamp":"2024-10-08T07:06:59.934Z"}
{"level":"info","message":"server running --- from server.ts","timestamp":"2024-10-08T07:07:16.753Z"}
{"level":"info","message":"server running --- from server.ts","timestamp":"2024-10-08T07:07:24.843Z"}
{"level":"info","message":"server running --- from server.ts","timestamp":"2024-10-08T07:07:28.758Z"}
{"level":"info","message":"server running --- from server.ts","timestamp":"2024-10-08T07:09:13.730Z"}
{"level":"info","message":"server running --- from server.ts","timestamp":"2024-10-08T07:09:29.986Z"}
{"level":"info","message":"server running --- from server.ts","timestamp":"2024-10-08T07:09:34.965Z"}
{"level":"info","message":"server running --- from server.ts","timestamp":"2024-10-08T07:09:43.990Z"}
{"level":"info","message":"server running --- from server.ts","timestamp":"2024-10-08T07:10:41.679Z"}
{"level":"info","message":"server running --- from server.ts","timestamp":"2024-10-08T07:10:47.637Z"}
{"level":"info","message":"server running --- from server.ts","timestamp":"2024-10-08T07:10:56.922Z"}
{"level":"info","message":"server running --- from server.ts","timestamp":"2024-10-08T07:11:08.438Z"}
{"level":"info","message":"server running --- from server.ts","timestamp":"2024-10-08T07:11:12.001Z"}
{"level":"info","message":"Router - sign up page","timestamp":"2024-10-08T07:11:19.213Z"}
{"level":"info","message":"Router - sign up page","timestamp":"2024-10-08T07:11:33.992Z"}
{"level":"error","message":"Error in userSignUp: Database query failed: INSERT has more target columns than expressions","stack":"Error: Database query failed: INSERT has more target columns than expressions\n    at C:\\Users\\VIJAY L\\Desktop\\backend\\src\\helper\\db.ts:27:11\n    at Generator.throw (<anonymous>)\n    at rejected (C:\\Users\\VIJAY L\\Desktop\\backend\\src\\helper\\db.ts:6:65)\n    at processTicksAndRejections (node:internal/process/task_queues:95:5)","timestamp":"2024-10-08T07:11:34.574Z"}
{"level":"info","message":"server running --- from server.ts","timestamp":"2024-10-08T07:13:59.205Z"}
{"level":"info","message":"server running --- from server.ts","timestamp":"2024-10-08T07:14:09.838Z"}
{"level":"info","message":"Router - sign up page","timestamp":"2024-10-08T07:14:16.854Z"}
{"level":"error","message":"Error in userSignUp: Database query failed: bind message supplies 10 parameters, but prepared statement \"\" requires 4","stack":"Error: Database query failed: bind message supplies 10 parameters, but prepared statement \"\" requires 4\n    at C:\\Users\\VIJAY L\\Desktop\\backend\\src\\helper\\db.ts:27:11\n    at Generator.throw (<anonymous>)\n    at rejected (C:\\Users\\VIJAY L\\Desktop\\backend\\src\\helper\\db.ts:6:65)\n    at processTicksAndRejections (node:internal/process/task_queues:95:5)","timestamp":"2024-10-08T07:14:17.923Z"}
{"level":"info","message":"server running --- from server.ts","timestamp":"2024-10-08T07:18:08.549Z"}
{"level":"info","message":"Router - sign up page","timestamp":"2024-10-08T07:18:25.292Z"}
{"level":"error","message":"Error in userSignUp: Cannot read properties of undefined (reading 'success')","stack":"TypeError: Cannot read properties of undefined (reading 'success')\n    at UserController.<anonymous> (C:\\Users\\VIJAY L\\Desktop\\backend\\src\\api\\controller.ts:65:18)\n    at Generator.next (<anonymous>)\n    at fulfilled (C:\\Users\\VIJAY L\\Desktop\\backend\\src\\api\\controller.ts:5:58)\n    at processTicksAndRejections (node:internal/process/task_queues:95:5)","timestamp":"2024-10-08T07:18:25.719Z"}
{"level":"info","message":"server running --- from server.ts","timestamp":"2024-10-08T07:22:36.712Z"}
{"level":"info","message":"server running --- from server.ts","timestamp":"2024-10-08T07:22:48.170Z"}
{"level":"info","message":"Router - sign up page","timestamp":"2024-10-08T07:23:07.981Z"}
{"level":"info","message":"server running --- from server.ts","timestamp":"2024-10-08T07:24:05.632Z"}
{"level":"info","message":"Router - sign up page","timestamp":"2024-10-08T07:24:12.061Z"}
{"level":"info","message":"Router - sign up page","timestamp":"2024-10-08T07:24:16.024Z"}
{"level":"info","message":"server running --- from server.ts","timestamp":"2024-10-08T07:25:32.460Z"}
{"level":"info","message":"Router - sign up page","timestamp":"2024-10-08T07:40:23.736Z"}
{"level":"error","message":"Error in userSignUp: Database query failed: invalid input syntax for type integer: \"\"","stack":"Error: Database query failed: invalid input syntax for type integer: \"\"\n    at C:\\Users\\VIJAY L\\Desktop\\backend\\src\\helper\\db.ts:27:11\n    at Generator.throw (<anonymous>)\n    at rejected (C:\\Users\\VIJAY L\\Desktop\\backend\\src\\helper\\db.ts:6:65)\n    at processTicksAndRejections (node:internal/process/task_queues:95:5)","timestamp":"2024-10-08T07:40:24.392Z"}
{"level":"info","message":"Router - sign up page","timestamp":"2024-10-08T07:45:54.375Z"}
{"level":"info","message":"Router - sign up page","timestamp":"2024-10-08T08:43:35.597Z"}
{"level":"info","message":"Router - sign up page","timestamp":"2024-10-08T08:45:54.327Z"}
{"level":"info","message":"Router - sign up page","timestamp":"2024-10-08T08:47:08.731Z"}
{"level":"info","message":"Router - sign up page","timestamp":"2024-10-08T08:47:13.018Z"}
{"level":"info","message":"Router - sign up page","timestamp":"2024-10-08T08:49:43.862Z"}
{"level":"info","message":"Router - sign up page","timestamp":"2024-10-08T08:49:52.721Z"}
{"level":"info","message":"server running --- from server.ts","timestamp":"2024-10-08T08:51:08.240Z"}
{"level":"info","message":"server running --- from server.ts","timestamp":"2024-10-08T08:53:11.058Z"}
{"level":"info","message":"server running --- from server.ts","timestamp":"2024-10-08T08:54:21.808Z"}
{"level":"info","message":"Router - sign up page","timestamp":"2024-10-08T08:55:41.267Z"}
{"level":"info","message":"Router - sign up page","timestamp":"2024-10-08T08:55:52.792Z"}
{"level":"info","message":"Router - sign up page","timestamp":"2024-10-08T08:57:29.945Z"}
{"level":"info","message":"Router - sign up page","timestamp":"2024-10-08T09:01:24.982Z"}
{"level":"info","message":"Router - sign up page","timestamp":"2024-10-08T09:04:42.105Z"}
{"level":"info","message":"Router - sign up page","timestamp":"2024-10-08T09:05:59.168Z"}
{"level":"info","message":"Router - sign up page","timestamp":"2024-10-08T09:07:02.681Z"}
{"level":"info","message":"Router - sign up page","timestamp":"2024-10-08T09:07:09.544Z"}
{"level":"info","message":"Router - sign up page","timestamp":"2024-10-08T09:10:33.201Z"}
{"level":"info","message":"Router - sign up page","timestamp":"2024-10-08T09:10:39.842Z"}
{"level":"info","message":"server running --- from server.ts","timestamp":"2024-10-08T09:12:40.320Z"}
{"level":"info","message":"server running --- from server.ts","timestamp":"2024-10-08T09:13:15.374Z"}
{"level":"info","message":"server running --- from server.ts","timestamp":"2024-10-08T09:13:55.161Z"}
{"level":"info","message":"server running --- from server.ts","timestamp":"2024-10-08T09:14:06.185Z"}
{"level":"info","message":"server running --- from server.ts","timestamp":"2024-10-08T09:14:10.285Z"}
{"level":"info","message":"Router - sign up page","timestamp":"2024-10-08T09:15:11.229Z"}
{"level":"error","message":"Error in userSignUp: Database query failed: INSERT has more target columns than expressions","stack":"Error: Database query failed: INSERT has more target columns than expressions\n    at C:\\Users\\VIJAY L\\Desktop\\backend\\src\\helper\\db.ts:27:11\n    at Generator.throw (<anonymous>)\n    at rejected (C:\\Users\\VIJAY L\\Desktop\\backend\\src\\helper\\db.ts:6:65)\n    at processTicksAndRejections (node:internal/process/task_queues:95:5)","timestamp":"2024-10-08T09:15:11.628Z"}
{"level":"info","message":"server running --- from server.ts","timestamp":"2024-10-08T09:16:36.855Z"}
{"level":"info","message":"Router - sign up page","timestamp":"2024-10-08T09:17:51.585Z"}
{"level":"info","message":"Router - sign up page","timestamp":"2024-10-08T09:18:23.409Z"}
{"level":"info","message":"server running --- from server.ts","timestamp":"2024-10-08T09:19:20.401Z"}
{"level":"info","message":"Router - sign up page","timestamp":"2024-10-08T09:19:54.567Z"}
{"level":"info","message":"Router - sign up page","timestamp":"2024-10-08T09:19:59.066Z"}
{"level":"info","message":"Router - sign up page","timestamp":"2024-10-08T09:20:00.285Z"}
{"level":"info","message":"Router - sign up page","timestamp":"2024-10-08T09:20:01.228Z"}
{"level":"info","message":"Router - sign up page","timestamp":"2024-10-08T09:20:06.000Z"}
{"level":"info","message":"server running --- from server.ts","timestamp":"2024-10-08T09:20:16.608Z"}
{"level":"info","message":"Router - sign up page","timestamp":"2024-10-08T09:21:02.802Z"}
{"level":"info","message":"Router - sign up page","timestamp":"2024-10-08T09:21:12.122Z"}
{"level":"error","message":"Error in userSignUp: Database query failed: INSERT has more target columns than expressions","stack":"Error: Database query failed: INSERT has more target columns than expressions\n    at C:\\Users\\VIJAY L\\Desktop\\backend\\src\\helper\\db.ts:27:11\n    at Generator.throw (<anonymous>)\n    at rejected (C:\\Users\\VIJAY L\\Desktop\\backend\\src\\helper\\db.ts:6:65)\n    at processTicksAndRejections (node:internal/process/task_queues:95:5)","timestamp":"2024-10-08T09:21:12.739Z"}
{"level":"info","message":"server running --- from server.ts","timestamp":"2024-10-08T09:22:06.811Z"}
{"level":"info","message":"server running --- from server.ts","timestamp":"2024-10-08T09:22:51.964Z"}
{"level":"info","message":"server running --- from server.ts","timestamp":"2024-10-08T09:22:57.904Z"}
{"level":"info","message":"Router - sign up page","timestamp":"2024-10-08T09:23:02.158Z"}
{"level":"info","message":"server running --- from server.ts","timestamp":"2024-10-08T09:27:20.087Z"}
{"level":"info","message":"Router - sign up page","timestamp":"2024-10-08T09:27:55.727Z"}
{"level":"info","message":"server running --- from server.ts","timestamp":"2024-10-08T09:36:46.667Z"}
{"level":"info","message":"server running --- from server.ts","timestamp":"2024-10-08T09:36:50.038Z"}
{"level":"info","message":"server running --- from server.ts","timestamp":"2024-10-08T09:37:04.665Z"}
{"level":"info","message":"server running --- from server.ts","timestamp":"2024-10-08T09:38:16.197Z"}
{"level":"info","message":"server running --- from server.ts","timestamp":"2024-10-08T09:38:29.308Z"}
{"level":"info","message":"server running --- from server.ts","timestamp":"2024-10-08T09:41:25.067Z"}
{"level":"info","message":"server running --- from server.ts","timestamp":"2024-10-08T09:41:56.429Z"}
{"level":"info","message":"server running --- from server.ts","timestamp":"2024-10-08T09:42:11.018Z"}
{"level":"info","message":"server running --- from server.ts","timestamp":"2024-10-08T09:42:16.896Z"}
{"level":"info","message":"server running --- from server.ts","timestamp":"2024-10-08T09:42:23.697Z"}
{"level":"info","message":"server running --- from server.ts","timestamp":"2024-10-08T09:42:27.621Z"}
{"level":"info","message":"server running --- from server.ts","timestamp":"2024-10-08T09:42:32.676Z"}
{"level":"info","message":"server running --- from server.ts","timestamp":"2024-10-08T09:46:57.580Z"}
{"level":"info","message":"Router----- line 17","timestamp":"2024-10-08T09:46:59.011Z"}
{"level":"info","message":"GET URL REQ => http://localhost:6200/api/v1/users/login","timestamp":"2024-10-08T09:46:59.013Z"}
{"level":"info","message":"server running --- from server.ts","timestamp":"2024-10-08T09:48:05.998Z"}
{"level":"info","message":"server running --- from server.ts","timestamp":"2024-10-08T09:48:18.161Z"}
{"level":"info","message":"server running --- from server.ts","timestamp":"2024-10-08T09:48:26.884Z"}
{"level":"info","message":"server running --- from server.ts","timestamp":"2024-10-08T09:48:32.240Z"}
{"level":"info","message":"server running --- from server.ts","timestamp":"2024-10-08T09:48:41.360Z"}
{"level":"info","message":"server running --- from server.ts","timestamp":"2024-10-08T09:48:48.843Z"}
{"level":"info","message":"server running --- from server.ts","timestamp":"2024-10-08T09:49:03.889Z"}
{"level":"info","message":"Router----- line 17","timestamp":"2024-10-08T09:49:07.149Z"}
{"level":"info","message":"GET URL REQ => http://localhost:6200/api/v1/users/login","timestamp":"2024-10-08T09:49:07.151Z"}
{"level":"info","message":"server running --- from server.ts","timestamp":"2024-10-08T09:49:48.969Z"}
{"level":"info","message":"server running --- from server.ts","timestamp":"2024-10-08T09:49:53.275Z"}
{"level":"info","message":"server running --- from server.ts","timestamp":"2024-10-08T09:50:36.079Z"}
{"level":"info","message":"Router----- line 17","timestamp":"2024-10-08T09:50:38.403Z"}
{"level":"info","message":"GET URL REQ => http://localhost:6200/api/v1/users/login","timestamp":"2024-10-08T09:50:38.404Z"}
{"level":"info","message":"server running --- from server.ts","timestamp":"2024-10-08T09:54:34.946Z"}
{"level":"info","message":"Router----- line 17","timestamp":"2024-10-08T09:54:36.657Z"}
{"level":"info","message":"GET URL REQ => http://localhost:6200/api/v1/users/login","timestamp":"2024-10-08T09:54:36.658Z"}
{"level":"info","message":"Router----- line 17","timestamp":"2024-10-08T09:57:31.289Z"}
{"level":"info","message":"GET URL REQ => http://localhost:6200/api/v1/users/login","timestamp":"2024-10-08T09:57:31.291Z"}
{"level":"info","message":"Router----- line 17","timestamp":"2024-10-08T09:57:40.460Z"}
{"level":"info","message":"GET URL REQ => http://localhost:6200/api/v1/users/login","timestamp":"2024-10-08T09:57:40.461Z"}
{"level":"info","message":"Router----- line 17","timestamp":"2024-10-08T10:14:27.537Z"}
{"level":"info","message":"GET URL REQ => http://localhost:6200/api/v1/users/login","timestamp":"2024-10-08T10:14:27.539Z"}
{"level":"info","message":"Router----- line 17","timestamp":"2024-10-08T10:15:36.888Z"}
{"level":"info","message":"GET URL REQ => http://localhost:6200/api/v1/users/login","timestamp":"2024-10-08T10:15:36.889Z"}
{"level":"info","message":"Router----- line 17","timestamp":"2024-10-08T10:15:53.098Z"}
{"level":"info","message":"GET URL REQ => http://localhost:6200/api/v1/users/login","timestamp":"2024-10-08T10:15:53.100Z"}
{"level":"info","message":"Router----- line 17","timestamp":"2024-10-08T10:19:56.043Z"}
{"level":"info","message":"GET URL REQ => http://localhost:6200/api/v1/users/login","timestamp":"2024-10-08T10:19:56.045Z"}
{"level":"info","message":"Router----- line 17","timestamp":"2024-10-08T10:20:05.284Z"}
{"level":"info","message":"GET URL REQ => http://localhost:6200/api/v1/users/login","timestamp":"2024-10-08T10:20:05.285Z"}
{"level":"info","message":"Router----- line 17","timestamp":"2024-10-08T10:20:12.841Z"}
{"level":"info","message":"GET URL REQ => http://localhost:6200/api/v1/users/login","timestamp":"2024-10-08T10:20:12.844Z"}
{"level":"info","message":"Router----- line 17","timestamp":"2024-10-08T10:20:25.174Z"}
{"level":"info","message":"GET URL REQ => http://localhost:6200/api/v1/users/login","timestamp":"2024-10-08T10:20:25.175Z"}
{"level":"info","message":"Router----- line 17","timestamp":"2024-10-08T10:20:31.350Z"}
{"level":"info","message":"GET URL REQ => http://localhost:6200/api/v1/users/login","timestamp":"2024-10-08T10:20:31.352Z"}
{"level":"info","message":"Router----- line 17","timestamp":"2024-10-08T10:20:34.813Z"}
{"level":"info","message":"GET URL REQ => http://localhost:6200/api/v1/users/login","timestamp":"2024-10-08T10:20:34.814Z"}
{"level":"info","message":"server running --- from server.ts","timestamp":"2024-10-08T10:45:17.625Z"}
{"level":"info","message":"Router----- line 17","timestamp":"2024-10-08T10:46:42.353Z"}
{"level":"info","message":"GET URL REQ => http://localhost:6200/api/v1/users/login","timestamp":"2024-10-08T10:46:42.355Z"}
{"level":"info","message":"server running --- from server.ts","timestamp":"2024-10-08T10:47:13.550Z"}
{"level":"info","message":"Router----- line 17","timestamp":"2024-10-08T10:47:24.895Z"}
{"level":"info","message":"GET URL REQ => http://localhost:6200/api/v1/users/login","timestamp":"2024-10-08T10:47:24.897Z"}
{"level":"info","message":"server running --- from server.ts","timestamp":"2024-10-08T10:47:44.541Z"}
{"level":"info","message":"server running --- from server.ts","timestamp":"2024-10-08T10:47:52.343Z"}
{"level":"info","message":"server running --- from server.ts","timestamp":"2024-10-08T10:48:44.948Z"}
{"level":"info","message":"server running --- from server.ts","timestamp":"2024-10-08T10:49:07.657Z"}
{"level":"info","message":"server running --- from server.ts","timestamp":"2024-10-08T10:49:15.478Z"}
{"level":"info","message":"server running --- from server.ts","timestamp":"2024-10-08T10:49:21.895Z"}
{"level":"info","message":"server running --- from server.ts","timestamp":"2024-10-08T10:49:26.733Z"}
{"level":"info","message":"server running --- from server.ts","timestamp":"2024-10-08T10:49:43.332Z"}
{"level":"info","message":"Router----- line 17","timestamp":"2024-10-08T10:50:19.048Z"}
{"level":"info","message":"GET URL REQ => http://localhost:6200/api/v1/users/login","timestamp":"2024-10-08T10:50:19.050Z"}
{"level":"info","message":"server running --- from server.ts","timestamp":"2024-10-08T10:50:41.351Z"}
{"level":"info","message":"server running --- from server.ts","timestamp":"2024-10-08T10:50:47.532Z"}
{"level":"info","message":"server running --- from server.ts","timestamp":"2024-10-08T10:50:56.844Z"}
{"level":"info","message":"Router----- line 17","timestamp":"2024-10-08T10:51:06.837Z"}
{"level":"info","message":"GET URL REQ => http://localhost:6200/api/v1/users/login","timestamp":"2024-10-08T10:51:06.838Z"}
{"level":"error","message":"Server not running... New route /api/v1/profile/address conflicts with existing /api/v1/profile/address","name":"AssertError","stack":"AssertError: New route /api/v1/profile/address conflicts with existing /api/v1/profile/address\n    at module.exports.internals.Segment.internals.Segment.add (C:\\Users\\VIJAY L\\Desktop\\backend\\node_modules\\@hapi\\call\\lib\\segment.js:47:14)\n    at exports.Router.internals.Router.internals.Router.add (C:\\Users\\VIJAY L\\Desktop\\backend\\node_modules\\@hapi\\call\\lib\\index.js:65:16)\n    at internals.Server._addRoute (C:\\Users\\VIJAY L\\Desktop\\backend\\node_modules\\@hapi\\hapi\\lib\\server.js:529:46)\n    at internals.Server.route (C:\\Users\\VIJAY L\\Desktop\\backend\\node_modules\\@hapi\\hapi\\lib\\server.js:518:22)\n    at C:\\Users\\VIJAY L\\Desktop\\backend\\src\\api\\routes.ts:45:14\n    at new Promise (<anonymous>)\n    at UserProfile.<anonymous> (C:\\Users\\VIJAY L\\Desktop\\backend\\src\\api\\routes.ts:43:12)\n    at Generator.next (<anonymous>)\n    at C:\\Users\\VIJAY L\\Desktop\\backend\\src\\api\\routes.ts:8:71\n    at new Promise (<anonymous>)","timestamp":"2024-10-08T11:02:13.208Z"}
{"level":"info","message":"server running --- from server.ts","timestamp":"2024-10-08T11:02:16.816Z"}
{"level":"info","message":"server running --- from server.ts","timestamp":"2024-10-08T11:02:23.073Z"}
{"level":"info","message":"server running --- from server.ts","timestamp":"2024-10-08T11:02:27.395Z"}
{"level":"info","message":"server running --- from server.ts","timestamp":"2024-10-08T11:02:30.782Z"}
{"level":"info","message":"server running --- from server.ts","timestamp":"2024-10-08T11:02:34.906Z"}
{"level":"info","message":"server running --- from server.ts","timestamp":"2024-10-08T11:02:52.025Z"}
{"level":"info","message":"server running --- from server.ts","timestamp":"2024-10-08T11:03:12.782Z"}
{"level":"info","message":"server running --- from server.ts","timestamp":"2024-10-08T11:03:16.100Z"}
{"level":"info","message":"server running --- from server.ts","timestamp":"2024-10-08T11:03:20.103Z"}
{"level":"info","message":"server running --- from server.ts","timestamp":"2024-10-08T11:03:58.684Z"}
{"level":"info","message":"server running --- from server.ts","timestamp":"2024-10-08T11:04:06.415Z"}
{"level":"info","message":"server running --- from server.ts","timestamp":"2024-10-08T11:04:11.683Z"}
{"level":"info","message":"server running --- from server.ts","timestamp":"2024-10-08T11:04:15.267Z"}
{"level":"info","message":"server running --- from server.ts","timestamp":"2024-10-08T11:04:24.275Z"}
{"level":"info","message":"server running --- from server.ts","timestamp":"2024-10-08T11:04:29.331Z"}
{"level":"info","message":"server running --- from server.ts","timestamp":"2024-10-08T11:04:32.440Z"}
{"level":"info","message":"server running --- from server.ts","timestamp":"2024-10-08T11:04:42.303Z"}
{"level":"info","message":"server running --- from server.ts","timestamp":"2024-10-08T11:04:47.901Z"}
{"level":"info","message":"server running --- from server.ts","timestamp":"2024-10-08T11:04:53.258Z"}
{"level":"info","message":"server running --- from server.ts","timestamp":"2024-10-08T11:04:58.288Z"}
{"level":"info","message":"server running --- from server.ts","timestamp":"2024-10-08T11:05:02.821Z"}
{"level":"info","message":"server running --- from server.ts","timestamp":"2024-10-08T11:05:06.324Z"}
{"level":"info","message":"server running --- from server.ts","timestamp":"2024-10-08T11:05:53.255Z"}
{"level":"info","message":"server running --- from server.ts","timestamp":"2024-10-08T11:05:56.934Z"}
{"level":"info","message":"server running --- from server.ts","timestamp":"2024-10-08T11:06:01.867Z"}
{"level":"info","message":"server running --- from server.ts","timestamp":"2024-10-08T11:06:10.629Z"}
{"level":"info","message":"server running --- from server.ts","timestamp":"2024-10-08T11:06:32.977Z"}
{"level":"info","message":"server running --- from server.ts","timestamp":"2024-10-08T11:06:37.226Z"}
{"level":"info","message":"server running --- from server.ts","timestamp":"2024-10-08T11:06:41.226Z"}
{"level":"info","message":"server running --- from server.ts","timestamp":"2024-10-08T11:06:44.962Z"}
{"level":"info","message":"Router-----store Address","timestamp":"2024-10-08T11:07:39.143Z"}
{"level":"info","message":"GET URL REQ => http://localhost:6200/api/v1/profile/personalData","timestamp":"2024-10-08T11:07:39.144Z"}
{"level":"error","message":"Error in userLogin: Cannot read properties of undefined (reading 'addresstype')","stack":"TypeError: Cannot read properties of undefined (reading 'addresstype')\n    at ProfileRepository.<anonymous> (C:\\Users\\VIJAY L\\Desktop\\backend\\src\\api\\profile\\profile-repository.ts:12:26)\n    at Generator.next (<anonymous>)\n    at C:\\Users\\VIJAY L\\Desktop\\backend\\src\\api\\profile\\profile-repository.ts:8:71\n    at new Promise (<anonymous>)\n    at __awaiter (C:\\Users\\VIJAY L\\Desktop\\backend\\src\\api\\profile\\profile-repository.ts:4:12)\n    at ProfileRepository.userAddressV1 (C:\\Users\\VIJAY L\\Desktop\\backend\\src\\api\\profile\\profile-repository.ts:19:16)\n    at ProfileResolver.<anonymous> (C:\\Users\\VIJAY L\\Desktop\\backend\\src\\api\\resolver.ts:28:41)\n    at Generator.next (<anonymous>)\n    at C:\\Users\\VIJAY L\\Desktop\\backend\\src\\api\\resolver.ts:8:71\n    at new Promise (<anonymous>)","timestamp":"2024-10-08T11:07:39.150Z"}
{"level":"info","message":"server running --- from server.ts","timestamp":"2024-10-08T11:08:47.195Z"}
{"level":"info","message":"server running --- from server.ts","timestamp":"2024-10-08T11:09:07.767Z"}
{"level":"info","message":"server running --- from server.ts","timestamp":"2024-10-08T11:09:25.827Z"}
{"level":"info","message":"Router-----store Personal Data","timestamp":"2024-10-08T11:09:27.381Z"}
{"level":"info","message":"GET URL REQ => http://localhost:6200/api/v1/profile/personalData","timestamp":"2024-10-08T11:09:27.382Z"}
{"level":"error","message":"Error in userLogin: Cannot read properties of undefined (reading 'success')","stack":"TypeError: Cannot read properties of undefined (reading 'success')\n    at UserProfileController.<anonymous> (C:\\Users\\VIJAY L\\Desktop\\backend\\src\\api\\controller.ts:132:18)\n    at Generator.next (<anonymous>)\n    at fulfilled (C:\\Users\\VIJAY L\\Desktop\\backend\\src\\api\\controller.ts:5:58)\n    at processTicksAndRejections (node:internal/process/task_queues:95:5)","timestamp":"2024-10-08T11:09:27.388Z"}
{"level":"info","message":"server running --- from server.ts","timestamp":"2024-10-08T11:11:16.424Z"}
{"level":"info","message":"server running --- from server.ts","timestamp":"2024-10-08T11:11:27.240Z"}
{"level":"info","message":"server running --- from server.ts","timestamp":"2024-10-08T11:12:03.081Z"}
{"level":"info","message":"Router-----store Personal Data","timestamp":"2024-10-08T11:12:03.781Z"}
{"level":"info","message":"GET URL REQ => http://localhost:6200/api/v1/profile/personalData","timestamp":"2024-10-08T11:12:03.782Z"}
{"level":"info","message":"server running --- from server.ts","timestamp":"2024-10-08T11:13:43.368Z"}
{"level":"info","message":"server running --- from server.ts","timestamp":"2024-10-08T11:13:53.878Z"}
{"level":"info","message":"server running --- from server.ts","timestamp":"2024-10-08T11:14:52.485Z"}
{"level":"info","message":"server running --- from server.ts","timestamp":"2024-10-08T11:15:04.731Z"}
{"level":"info","message":"server running --- from server.ts","timestamp":"2024-10-08T11:15:07.711Z"}
{"level":"info","message":"server running --- from server.ts","timestamp":"2024-10-08T11:15:11.826Z"}
{"level":"info","message":"server running --- from server.ts","timestamp":"2024-10-08T11:15:22.512Z"}
{"level":"info","message":"server running --- from server.ts","timestamp":"2024-10-08T11:15:25.901Z"}
{"level":"info","message":"server running --- from server.ts","timestamp":"2024-10-08T11:15:30.809Z"}
{"level":"info","message":"server running --- from server.ts","timestamp":"2024-10-08T11:16:27.979Z"}
{"level":"info","message":"server running --- from server.ts","timestamp":"2024-10-08T11:16:53.072Z"}
{"level":"info","message":"server running --- from server.ts","timestamp":"2024-10-08T11:16:59.201Z"}
{"level":"info","message":"server running --- from server.ts","timestamp":"2024-10-08T11:17:02.095Z"}
{"level":"info","message":"server running --- from server.ts","timestamp":"2024-10-08T11:17:09.206Z"}
{"level":"info","message":"server running --- from server.ts","timestamp":"2024-10-08T11:17:14.307Z"}
{"level":"info","message":"server running --- from server.ts","timestamp":"2024-10-08T11:17:17.754Z"}
{"level":"info","message":"server running --- from server.ts","timestamp":"2024-10-08T11:17:22.193Z"}
{"level":"info","message":"server running --- from server.ts","timestamp":"2024-10-08T11:17:27.040Z"}
{"level":"info","message":"server running --- from server.ts","timestamp":"2024-10-08T11:17:37.356Z"}
{"level":"info","message":"server running --- from server.ts","timestamp":"2024-10-08T11:17:47.739Z"}
{"level":"info","message":"server running --- from server.ts","timestamp":"2024-10-08T11:17:52.948Z"}
{"level":"info","message":"server running --- from server.ts","timestamp":"2024-10-08T11:18:08.491Z"}
{"level":"info","message":"server running --- from server.ts","timestamp":"2024-10-08T11:18:24.081Z"}
{"level":"info","message":"server running --- from server.ts","timestamp":"2024-10-08T11:18:31.166Z"}
{"level":"info","message":"server running --- from server.ts","timestamp":"2024-10-08T11:19:30.884Z"}
{"level":"info","message":"server running --- from server.ts","timestamp":"2024-10-08T11:19:43.262Z"}
{"level":"info","message":"server running --- from server.ts","timestamp":"2024-10-08T11:26:39.791Z"}
{"level":"info","message":"server running --- from server.ts","timestamp":"2024-10-08T11:26:42.525Z"}
{"level":"info","message":"server running --- from server.ts","timestamp":"2024-10-08T11:33:31.018Z"}
{"level":"info","message":"server running --- from server.ts","timestamp":"2024-10-08T11:33:48.807Z"}
{"level":"info","message":"server running --- from server.ts","timestamp":"2024-10-08T11:33:58.923Z"}
{"level":"info","message":"server running --- from server.ts","timestamp":"2024-10-08T11:34:04.145Z"}
{"level":"info","message":"server running --- from server.ts","timestamp":"2024-10-08T11:34:10.271Z"}
{"level":"info","message":"server running --- from server.ts","timestamp":"2024-10-08T11:34:13.013Z"}
{"level":"info","message":"server running --- from server.ts","timestamp":"2024-10-08T11:34:16.922Z"}
{"level":"info","message":"server running --- from server.ts","timestamp":"2024-10-08T11:34:21.180Z"}
{"level":"info","message":"server running --- from server.ts","timestamp":"2024-10-08T11:34:26.470Z"}
{"level":"info","message":"server running --- from server.ts","timestamp":"2024-10-08T11:34:29.894Z"}
{"level":"info","message":"server running --- from server.ts","timestamp":"2024-10-08T11:34:33.058Z"}
{"level":"info","message":"server running --- from server.ts","timestamp":"2024-10-08T11:34:37.131Z"}
{"level":"info","message":"Router-----store Personal Data","timestamp":"2024-10-08T11:36:40.113Z"}
{"level":"info","message":"GET URL REQ => http://localhost:6200/api/v1/profile/personalData","timestamp":"2024-10-08T11:36:40.114Z"}
{"level":"error","message":"Error in userLogin: Database query failed: trailing junk after parameter at or near \"$4WHERE\"","stack":"Error: Database query failed: trailing junk after parameter at or near \"$4WHERE\"\n    at C:\\Users\\VIJAY L\\Desktop\\backend\\src\\helper\\db.ts:27:11\n    at Generator.throw (<anonymous>)\n    at rejected (C:\\Users\\VIJAY L\\Desktop\\backend\\src\\helper\\db.ts:6:65)\n    at processTicksAndRejections (node:internal/process/task_queues:95:5)","timestamp":"2024-10-08T11:36:40.275Z"}
{"level":"info","message":"server running --- from server.ts","timestamp":"2024-10-08T11:37:13.804Z"}
{"level":"info","message":"Router-----store Personal Data","timestamp":"2024-10-08T11:37:19.095Z"}
{"level":"info","message":"GET URL REQ => http://localhost:6200/api/v1/profile/personalData","timestamp":"2024-10-08T11:37:19.096Z"}
{"level":"info","message":"server running --- from server.ts","timestamp":"2024-10-08T11:57:28.399Z"}
{"level":"info","message":"server running --- from server.ts","timestamp":"2024-10-08T11:57:33.675Z"}
{"level":"info","message":"server running --- from server.ts","timestamp":"2024-10-08T11:57:52.414Z"}
{"level":"info","message":"server running --- from server.ts","timestamp":"2024-10-08T11:58:25.388Z"}
{"level":"info","message":"server running --- from server.ts","timestamp":"2024-10-08T11:58:31.981Z"}
{"level":"info","message":"server running --- from server.ts","timestamp":"2024-10-08T11:58:50.251Z"}
{"level":"info","message":"server running --- from server.ts","timestamp":"2024-10-08T11:58:53.698Z"}
{"level":"info","message":"server running --- from server.ts","timestamp":"2024-10-08T11:59:21.345Z"}
{"level":"info","message":"server running --- from server.ts","timestamp":"2024-10-08T11:59:25.525Z"}
{"level":"info","message":"server running --- from server.ts","timestamp":"2024-10-08T12:01:32.942Z"}
{"level":"info","message":"server running --- from server.ts","timestamp":"2024-10-08T12:02:01.897Z"}
{"level":"info","message":"server running --- from server.ts","timestamp":"2024-10-08T12:02:07.480Z"}
{"level":"info","message":"server running --- from server.ts","timestamp":"2024-10-08T12:02:11.587Z"}
{"level":"info","message":"server running --- from server.ts","timestamp":"2024-10-08T12:02:20.214Z"}
{"level":"info","message":"server running --- from server.ts","timestamp":"2024-10-08T12:02:29.461Z"}
{"level":"info","message":"server running --- from server.ts","timestamp":"2024-10-08T12:03:47.362Z"}
{"level":"info","message":"server running --- from server.ts","timestamp":"2024-10-08T12:03:50.360Z"}
{"level":"info","message":"server running --- from server.ts","timestamp":"2024-10-08T12:04:00.719Z"}
{"level":"info","message":"server running --- from server.ts","timestamp":"2024-10-08T12:04:09.212Z"}
{"level":"info","message":"server running --- from server.ts","timestamp":"2024-10-08T12:04:23.148Z"}
{"level":"info","message":"server running --- from server.ts","timestamp":"2024-10-08T12:04:51.096Z"}
{"level":"info","message":"server running --- from server.ts","timestamp":"2024-10-08T12:04:54.557Z"}
{"level":"info","message":"server running --- from server.ts","timestamp":"2024-10-08T12:05:00.905Z"}
{"level":"info","message":"server running --- from server.ts","timestamp":"2024-10-08T12:05:13.846Z"}
{"level":"info","message":"server running --- from server.ts","timestamp":"2024-10-08T12:05:43.794Z"}
{"level":"info","message":"server running --- from server.ts","timestamp":"2024-10-08T12:05:47.044Z"}
{"level":"info","message":"server running --- from server.ts","timestamp":"2024-10-08T12:06:07.915Z"}
{"level":"info","message":"server running --- from server.ts","timestamp":"2024-10-08T12:06:37.535Z"}
{"level":"info","message":"server running --- from server.ts","timestamp":"2024-10-08T12:06:52.101Z"}
{"level":"info","message":"server running --- from server.ts","timestamp":"2024-10-08T12:07:02.927Z"}
{"level":"info","message":"server running --- from server.ts","timestamp":"2024-10-08T12:07:26.397Z"}
{"level":"info","message":"server running --- from server.ts","timestamp":"2024-10-08T12:08:53.296Z"}
{"level":"info","message":"server running --- from server.ts","timestamp":"2024-10-08T12:09:27.794Z"}
{"level":"info","message":"server running --- from server.ts","timestamp":"2024-10-08T12:09:51.624Z"}
{"level":"info","message":"server running --- from server.ts","timestamp":"2024-10-08T12:09:58.080Z"}
{"level":"info","message":"server running --- from server.ts","timestamp":"2024-10-08T12:10:28.618Z"}
{"level":"info","message":"server running --- from server.ts","timestamp":"2024-10-08T12:10:32.999Z"}
{"level":"info","message":"server running --- from server.ts","timestamp":"2024-10-08T12:10:59.417Z"}
{"level":"info","message":"server running --- from server.ts","timestamp":"2024-10-08T12:11:05.003Z"}
{"level":"info","message":"server running --- from server.ts","timestamp":"2024-10-08T12:11:11.348Z"}
{"level":"info","message":"server running --- from server.ts","timestamp":"2024-10-08T12:11:16.375Z"}
{"level":"info","message":"server running --- from server.ts","timestamp":"2024-10-08T12:11:26.019Z"}
{"level":"info","message":"server running --- from server.ts","timestamp":"2024-10-08T12:11:32.316Z"}
{"level":"info","message":"server running --- from server.ts","timestamp":"2024-10-08T12:11:43.137Z"}
{"level":"info","message":"server running --- from server.ts","timestamp":"2024-10-08T12:12:12.488Z"}
{"level":"info","message":"server running --- from server.ts","timestamp":"2024-10-08T12:13:22.515Z"}
{"level":"info","message":"server running --- from server.ts","timestamp":"2024-10-08T12:13:29.379Z"}
{"level":"info","message":"Router - sign up page","timestamp":"2024-10-08T12:18:24.868Z"}
{"level":"info","message":"Router - sign up page","timestamp":"2024-10-08T12:18:52.591Z"}
{"level":"info","message":"Router----- line 17","timestamp":"2024-10-08T12:19:09.304Z"}
{"level":"info","message":"GET URL REQ => http://localhost:6200/api/v1/users/login","timestamp":"2024-10-08T12:19:09.307Z"}
{"level":"info","message":"server running --- from server.ts","timestamp":"2024-10-08T16:37:26.935Z"}
{"level":"info","message":"server running --- from server.ts","timestamp":"2024-10-08T16:44:54.316Z"}
{"level":"info","message":"server running --- from server.ts","timestamp":"2024-10-08T16:45:12.873Z"}
{"level":"info","message":"server running --- from server.ts","timestamp":"2024-10-08T16:45:38.223Z"}
{"level":"info","message":"server running --- from server.ts","timestamp":"2024-10-08T16:45:50.775Z"}
{"level":"info","message":"server running --- from server.ts","timestamp":"2024-10-08T16:46:05.123Z"}
{"level":"info","message":"server running --- from server.ts","timestamp":"2024-10-08T16:46:14.468Z"}
{"level":"info","message":"server running --- from server.ts","timestamp":"2024-10-08T16:46:18.579Z"}
{"level":"info","message":"server running --- from server.ts","timestamp":"2024-10-08T16:46:32.036Z"}
{"level":"info","message":"server running --- from server.ts","timestamp":"2024-10-08T16:46:49.265Z"}
{"level":"info","message":"server running --- from server.ts","timestamp":"2024-10-08T16:47:01.786Z"}
{"level":"info","message":"server running --- from server.ts","timestamp":"2024-10-08T16:47:07.928Z"}
{"level":"info","message":"server running --- from server.ts","timestamp":"2024-10-08T16:47:47.865Z"}
{"level":"info","message":"server running --- from server.ts","timestamp":"2024-10-08T16:47:54.273Z"}
{"level":"info","message":"server running --- from server.ts","timestamp":"2024-10-08T16:48:02.463Z"}
{"level":"info","message":"server running --- from server.ts","timestamp":"2024-10-08T16:48:09.434Z"}
{"level":"info","message":"server running --- from server.ts","timestamp":"2024-10-08T16:48:16.743Z"}
{"level":"info","message":"server running --- from server.ts","timestamp":"2024-10-08T16:49:04.524Z"}
{"level":"info","message":"server running --- from server.ts","timestamp":"2024-10-08T16:49:29.848Z"}
{"level":"info","message":"server running --- from server.ts","timestamp":"2024-10-08T16:51:17.774Z"}
{"level":"info","message":"server running --- from server.ts","timestamp":"2024-10-08T16:52:44.698Z"}
{"level":"info","message":"server running --- from server.ts","timestamp":"2024-10-08T16:52:55.847Z"}
{"level":"info","message":"server running --- from server.ts","timestamp":"2024-10-08T16:53:07.948Z"}
{"level":"info","message":"server running --- from server.ts","timestamp":"2024-10-08T16:53:14.893Z"}
{"level":"info","message":"server running --- from server.ts","timestamp":"2024-10-08T16:53:24.440Z"}
{"level":"info","message":"server running --- from server.ts","timestamp":"2024-10-08T16:53:27.827Z"}
{"level":"info","message":"Router-----store General Health","timestamp":"2024-10-08T16:56:54.484Z"}
{"level":"info","message":"GET URL REQ => http://localhost:6200/api/v1/profile/generalHealth","timestamp":"2024-10-08T16:56:54.485Z"}
{"level":"error","message":"Error in userLogin: Cannot read properties of undefined (reading 'refMedicalDetails')","stack":"TypeError: Cannot read properties of undefined (reading 'refMedicalDetails')\n    at ProfileRepository.<anonymous> (C:\\Users\\VIJAY L\\Desktop\\backend\\src\\api\\profile\\profile-repository.ts:80:30)\n    at Generator.next (<anonymous>)\n    at C:\\Users\\VIJAY L\\Desktop\\backend\\src\\api\\profile\\profile-repository.ts:8:71\n    at new Promise (<anonymous>)\n    at __awaiter (C:\\Users\\VIJAY L\\Desktop\\backend\\src\\api\\profile\\profile-repository.ts:4:12)\n    at ProfileRepository.userGeneralHealthV1 (C:\\Users\\VIJAY L\\Desktop\\backend\\src\\api\\profile\\profile-repository.ts:67:16)\n    at ProfileResolver.<anonymous> (C:\\Users\\VIJAY L\\Desktop\\backend\\src\\api\\resolver.ts:36:41)\n    at Generator.next (<anonymous>)\n    at C:\\Users\\VIJAY L\\Desktop\\backend\\src\\api\\resolver.ts:8:71\n    at new Promise (<anonymous>)","timestamp":"2024-10-08T16:56:54.491Z"}
{"level":"info","message":"server running --- from server.ts","timestamp":"2024-10-08T16:59:21.213Z"}
{"level":"info","message":"server running --- from server.ts","timestamp":"2024-10-08T16:59:31.044Z"}
{"level":"info","message":"server running --- from server.ts","timestamp":"2024-10-08T16:59:48.980Z"}
{"level":"info","message":"server running --- from server.ts","timestamp":"2024-10-08T16:59:54.009Z"}
{"level":"info","message":"server running --- from server.ts","timestamp":"2024-10-08T16:59:59.309Z"}
{"level":"info","message":"server running --- from server.ts","timestamp":"2024-10-08T17:00:06.896Z"}
{"level":"info","message":"server running --- from server.ts","timestamp":"2024-10-08T17:00:11.105Z"}
{"level":"info","message":"Router-----store General Health","timestamp":"2024-10-08T17:00:16.517Z"}
{"level":"info","message":"GET URL REQ => http://localhost:6200/api/v1/profile/generalHealth","timestamp":"2024-10-08T17:00:16.518Z"}
{"level":"error","message":"Error in userLogin: Cannot read properties of undefined (reading 'refMedicalDetails')","stack":"TypeError: Cannot read properties of undefined (reading 'refMedicalDetails')\n    at ProfileRepository.<anonymous> (C:\\Users\\VIJAY L\\Desktop\\backend\\src\\api\\profile\\profile-repository.ts:81:30)\n    at Generator.next (<anonymous>)\n    at C:\\Users\\VIJAY L\\Desktop\\backend\\src\\api\\profile\\profile-repository.ts:8:71\n    at new Promise (<anonymous>)\n    at __awaiter (C:\\Users\\VIJAY L\\Desktop\\backend\\src\\api\\profile\\profile-repository.ts:4:12)\n    at ProfileRepository.userGeneralHealthV1 (C:\\Users\\VIJAY L\\Desktop\\backend\\src\\api\\profile\\profile-repository.ts:67:16)\n    at ProfileResolver.<anonymous> (C:\\Users\\VIJAY L\\Desktop\\backend\\src\\api\\resolver.ts:36:41)\n    at Generator.next (<anonymous>)\n    at C:\\Users\\VIJAY L\\Desktop\\backend\\src\\api\\resolver.ts:8:71\n    at new Promise (<anonymous>)","timestamp":"2024-10-08T17:00:16.533Z"}
{"level":"info","message":"server running --- from server.ts","timestamp":"2024-10-08T17:02:02.478Z"}
{"level":"info","message":"server running --- from server.ts","timestamp":"2024-10-08T17:02:43.882Z"}
{"level":"info","message":"Router-----store General Health","timestamp":"2024-10-08T17:03:20.489Z"}
{"level":"info","message":"GET URL REQ => http://localhost:6200/api/v1/profile/generalHealth","timestamp":"2024-10-08T17:03:20.490Z"}
{"level":"error","message":"Error in userLogin: Cannot read properties of undefined (reading 'refMedicalDetails')","stack":"TypeError: Cannot read properties of undefined (reading 'refMedicalDetails')\n    at ProfileRepository.<anonymous> (C:\\Users\\VIJAY L\\Desktop\\backend\\src\\api\\profile\\profile-repository.ts:81:30)\n    at Generator.next (<anonymous>)\n    at C:\\Users\\VIJAY L\\Desktop\\backend\\src\\api\\profile\\profile-repository.ts:8:71\n    at new Promise (<anonymous>)\n    at __awaiter (C:\\Users\\VIJAY L\\Desktop\\backend\\src\\api\\profile\\profile-repository.ts:4:12)\n    at ProfileRepository.userGeneralHealthV1 (C:\\Users\\VIJAY L\\Desktop\\backend\\src\\api\\profile\\profile-repository.ts:67:16)\n    at ProfileResolver.<anonymous> (C:\\Users\\VIJAY L\\Desktop\\backend\\src\\api\\resolver.ts:36:41)\n    at Generator.next (<anonymous>)\n    at C:\\Users\\VIJAY L\\Desktop\\backend\\src\\api\\resolver.ts:8:71\n    at new Promise (<anonymous>)","timestamp":"2024-10-08T17:03:20.513Z"}
{"level":"info","message":"server running --- from server.ts","timestamp":"2024-10-08T17:04:24.863Z"}
{"level":"info","message":"Router-----store General Health","timestamp":"2024-10-08T17:04:30.891Z"}
{"level":"info","message":"GET URL REQ => http://localhost:6200/api/v1/profile/generalHealth","timestamp":"2024-10-08T17:04:30.892Z"}
{"level":"error","message":"Error in userLogin: Database query failed: INSERT has more expressions than target columns","stack":"Error: Database query failed: INSERT has more expressions than target columns\n    at C:\\Users\\VIJAY L\\Desktop\\backend\\src\\helper\\db.ts:27:11\n    at Generator.throw (<anonymous>)\n    at rejected (C:\\Users\\VIJAY L\\Desktop\\backend\\src\\helper\\db.ts:6:65)\n    at processTicksAndRejections (node:internal/process/task_queues:95:5)","timestamp":"2024-10-08T17:04:30.993Z"}
{"level":"info","message":"server running --- from server.ts","timestamp":"2024-10-08T17:05:06.486Z"}
{"level":"info","message":"Router-----store General Health","timestamp":"2024-10-08T17:05:07.590Z"}
{"level":"info","message":"GET URL REQ => http://localhost:6200/api/v1/profile/generalHealth","timestamp":"2024-10-08T17:05:07.591Z"}
{"level":"error","message":"Error in userLogin: Database query failed: INSERT has more expressions than target columns","stack":"Error: Database query failed: INSERT has more expressions than target columns\n    at C:\\Users\\VIJAY L\\Desktop\\backend\\src\\helper\\db.ts:27:11\n    at Generator.throw (<anonymous>)\n    at rejected (C:\\Users\\VIJAY L\\Desktop\\backend\\src\\helper\\db.ts:6:65)\n    at processTicksAndRejections (node:internal/process/task_queues:95:5)","timestamp":"2024-10-08T17:05:07.683Z"}
{"level":"info","message":"server running --- from server.ts","timestamp":"2024-10-08T17:07:45.023Z"}
{"level":"info","message":"Router-----store General Health","timestamp":"2024-10-08T17:08:16.951Z"}
{"level":"info","message":"GET URL REQ => http://localhost:6200/api/v1/profile/generalHealth","timestamp":"2024-10-08T17:08:16.952Z"}
{"level":"error","message":"Error in userLogin: Database query failed: invalid input syntax for type integer: \"175 cm\"","stack":"Error: Database query failed: invalid input syntax for type integer: \"175 cm\"\n    at C:\\Users\\VIJAY L\\Desktop\\backend\\src\\helper\\db.ts:27:11\n    at Generator.throw (<anonymous>)\n    at rejected (C:\\Users\\VIJAY L\\Desktop\\backend\\src\\helper\\db.ts:6:65)\n    at processTicksAndRejections (node:internal/process/task_queues:95:5)","timestamp":"2024-10-08T17:08:17.048Z"}
{"level":"info","message":"Router-----store General Health","timestamp":"2024-10-08T17:09:26.220Z"}
{"level":"info","message":"GET URL REQ => http://localhost:6200/api/v1/profile/generalHealth","timestamp":"2024-10-08T17:09:26.221Z"}
{"level":"error","message":"Error in userLogin: Database query failed: invalid input syntax for type integer: \"{\"2\",\"4\",\"6\",\"7\"}\"","stack":"Error: Database query failed: invalid input syntax for type integer: \"{\"2\",\"4\",\"6\",\"7\"}\"\n    at C:\\Users\\VIJAY L\\Desktop\\backend\\src\\helper\\db.ts:27:11\n    at Generator.throw (<anonymous>)\n    at rejected (C:\\Users\\VIJAY L\\Desktop\\backend\\src\\helper\\db.ts:6:65)\n    at processTicksAndRejections (node:internal/process/task_queues:95:5)","timestamp":"2024-10-08T17:09:26.427Z"}
{"level":"info","message":"Router-----store General Health","timestamp":"2024-10-08T17:17:07.157Z"}
{"level":"info","message":"GET URL REQ => http://localhost:6200/api/v1/profile/generalHealth","timestamp":"2024-10-08T17:17:07.158Z"}
{"level":"error","message":"Error in userLogin: Database query failed: invalid input syntax for type json","stack":"Error: Database query failed: invalid input syntax for type json\n    at C:\\Users\\VIJAY L\\Desktop\\backend\\src\\helper\\db.ts:27:11\n    at Generator.throw (<anonymous>)\n    at rejected (C:\\Users\\VIJAY L\\Desktop\\backend\\src\\helper\\db.ts:6:65)\n    at processTicksAndRejections (node:internal/process/task_queues:95:5)","timestamp":"2024-10-08T17:17:07.393Z"}
{"level":"info","message":"server running --- from server.ts","timestamp":"2024-10-08T17:19:37.636Z"}
{"level":"info","message":"server running --- from server.ts","timestamp":"2024-10-08T17:19:53.047Z"}
{"level":"info","message":"server running --- from server.ts","timestamp":"2024-10-08T17:20:22.126Z"}
{"level":"info","message":"server running --- from server.ts","timestamp":"2024-10-08T17:20:26.100Z"}
{"level":"info","message":"server running --- from server.ts","timestamp":"2024-10-08T17:20:34.562Z"}
{"level":"info","message":"server running --- from server.ts","timestamp":"2024-10-08T17:20:40.119Z"}
{"level":"info","message":"server running --- from server.ts","timestamp":"2024-10-08T17:20:51.936Z"}
{"level":"info","message":"server running --- from server.ts","timestamp":"2024-10-08T17:21:07.434Z"}
{"level":"info","message":"Router-----store General Health","timestamp":"2024-10-08T17:21:11.958Z"}
{"level":"info","message":"GET URL REQ => http://localhost:6200/api/v1/profile/generalHealth","timestamp":"2024-10-08T17:21:11.959Z"}
