{"level":"info","message":"server running --- from server.ts","timestamp":"2024-10-11T08:48:02.697Z"}
{"level":"info","message":"Router - sign up page","timestamp":"2024-10-11T08:50:19.001Z"}
{"level":"error","message":"Error in userSignUp: Illegal arguments: undefined, number","stack":"Error: Illegal arguments: undefined, number\n    at _async (C:\\Users\\VIJAY L\\Desktop\\backend\\node_modules\\bcryptjs\\dist\\bcrypt.js:214:46)\n    at C:\\Users\\VIJAY L\\Desktop\\backend\\node_modules\\bcryptjs\\dist\\bcrypt.js:223:17\n    at new Promise (<anonymous>)\n    at Object.bcrypt.hash (C:\\Users\\VIJAY L\\Desktop\\backend\\node_modules\\bcryptjs\\dist\\bcrypt.js:222:20)\n    at UserRepository.<anonymous> (C:\\Users\\VIJAY L\\Desktop\\backend\\src\\api\\users\\user-repository.ts:76:41)\n    at Generator.next (<anonymous>)\n    at C:\\Users\\VIJAY L\\Desktop\\backend\\src\\api\\users\\user-repository.ts:8:71\n    at new Promise (<anonymous>)\n    at __awaiter (C:\\Users\\VIJAY L\\Desktop\\backend\\src\\api\\users\\user-repository.ts:4:12)\n    at UserRepository.userSignUpV1 (C:\\Users\\VIJAY L\\Desktop\\backend\\src\\api\\users\\user-repository.ts:65:16)","timestamp":"2024-10-11T08:50:19.021Z"}
{"level":"info","message":"Router----- line 17","timestamp":"2024-10-11T08:53:09.605Z"}
{"level":"info","message":"GET URL REQ => http://localhost:6200/api/v1/users/login","timestamp":"2024-10-11T08:53:09.606Z"}
{"level":"info","message":"Router----- line 17","timestamp":"2024-10-11T08:54:59.066Z"}
{"level":"info","message":"GET URL REQ => http://localhost:6200/api/v1/users/login","timestamp":"2024-10-11T08:54:59.068Z"}
{"level":"error","message":"Error in userLogin: Illegal arguments: undefined, string","stack":"Error: Illegal arguments: undefined, string\n    at _async (C:\\Users\\VIJAY L\\Desktop\\backend\\node_modules\\bcryptjs\\dist\\bcrypt.js:286:46)\n    at C:\\Users\\VIJAY L\\Desktop\\backend\\node_modules\\bcryptjs\\dist\\bcrypt.js:307:17\n    at new Promise (<anonymous>)\n    at Object.bcrypt.compare (C:\\Users\\VIJAY L\\Desktop\\backend\\node_modules\\bcryptjs\\dist\\bcrypt.js:306:20)\n    at UserRepository.<anonymous> (C:\\Users\\VIJAY L\\Desktop\\backend\\src\\api\\users\\user-repository.ts:30:42)\n    at Generator.next (<anonymous>)\n    at fulfilled (C:\\Users\\VIJAY L\\Desktop\\backend\\src\\api\\users\\user-repository.ts:5:58)\n    at processTicksAndRejections (node:internal/process/task_queues:95:5)","timestamp":"2024-10-11T08:54:59.141Z"}
{"level":"info","message":"server running --- from server.ts","timestamp":"2024-10-11T08:59:38.104Z"}
{"level":"info","message":"server running --- from server.ts","timestamp":"2024-10-11T08:59:41.547Z"}
{"level":"info","message":"server running --- from server.ts","timestamp":"2024-10-11T08:59:49.605Z"}
{"level":"info","message":"server running --- from server.ts","timestamp":"2024-10-11T08:59:55.605Z"}
{"level":"info","message":"server running --- from server.ts","timestamp":"2024-10-11T09:00:00.224Z"}
{"level":"info","message":"Router----- line 17","timestamp":"2024-10-11T09:00:07.970Z"}
{"level":"info","message":"GET URL REQ => http://localhost:6200/api/v1/users/login","timestamp":"2024-10-11T09:00:07.971Z"}
{"level":"error","message":"Error in userLogin: Illegal arguments: undefined, string","stack":"Error: Illegal arguments: undefined, string\n    at _async (C:\\Users\\VIJAY L\\Desktop\\backend\\node_modules\\bcryptjs\\dist\\bcrypt.js:286:46)\n    at C:\\Users\\VIJAY L\\Desktop\\backend\\node_modules\\bcryptjs\\dist\\bcrypt.js:307:17\n    at new Promise (<anonymous>)\n    at Object.bcrypt.compare (C:\\Users\\VIJAY L\\Desktop\\backend\\node_modules\\bcryptjs\\dist\\bcrypt.js:306:20)\n    at UserRepository.<anonymous> (C:\\Users\\VIJAY L\\Desktop\\backend\\src\\api\\users\\user-repository.ts:30:42)\n    at Generator.next (<anonymous>)\n    at fulfilled (C:\\Users\\VIJAY L\\Desktop\\backend\\src\\api\\users\\user-repository.ts:5:58)\n    at processTicksAndRejections (node:internal/process/task_queues:95:5)","timestamp":"2024-10-11T09:00:08.091Z"}
{"level":"info","message":"server running --- from server.ts","timestamp":"2024-10-11T09:01:39.625Z"}
{"level":"info","message":"server running --- from server.ts","timestamp":"2024-10-11T09:01:43.221Z"}
{"level":"info","message":"server running --- from server.ts","timestamp":"2024-10-11T09:01:49.699Z"}
{"level":"info","message":"Router----- line 17","timestamp":"2024-10-11T09:01:54.440Z"}
{"level":"info","message":"GET URL REQ => http://localhost:6200/api/v1/users/login","timestamp":"2024-10-11T09:01:54.441Z"}
{"level":"error","message":"Error in userLogin: Illegal arguments: undefined, string","stack":"Error: Illegal arguments: undefined, string\n    at _async (C:\\Users\\VIJAY L\\Desktop\\backend\\node_modules\\bcryptjs\\dist\\bcrypt.js:286:46)\n    at C:\\Users\\VIJAY L\\Desktop\\backend\\node_modules\\bcryptjs\\dist\\bcrypt.js:307:17\n    at new Promise (<anonymous>)\n    at Object.bcrypt.compare (C:\\Users\\VIJAY L\\Desktop\\backend\\node_modules\\bcryptjs\\dist\\bcrypt.js:306:20)\n    at UserRepository.<anonymous> (C:\\Users\\VIJAY L\\Desktop\\backend\\src\\api\\users\\user-repository.ts:32:42)\n    at Generator.next (<anonymous>)\n    at fulfilled (C:\\Users\\VIJAY L\\Desktop\\backend\\src\\api\\users\\user-repository.ts:5:58)\n    at processTicksAndRejections (node:internal/process/task_queues:95:5)","timestamp":"2024-10-11T09:01:54.541Z"}
{"level":"info","message":"Router----- line 17","timestamp":"2024-10-11T09:06:36.772Z"}
{"level":"info","message":"GET URL REQ => http://localhost:6200/api/v1/users/login","timestamp":"2024-10-11T09:06:36.774Z"}
{"level":"info","message":"Router----- line 17","timestamp":"2024-10-11T09:06:40.637Z"}
{"level":"info","message":"GET URL REQ => http://localhost:6200/api/v1/users/login","timestamp":"2024-10-11T09:06:40.638Z"}
{"level":"info","message":"GET URL REQ => http://localhost:6200/api/v1/profile/passRegisterData","timestamp":"2024-10-11T09:06:54.930Z"}
{"level":"info","message":"GET URL REQ => http://localhost:6200/api/v1/profile/passRegisterData","timestamp":"2024-10-11T09:06:54.944Z"}
{"level":"info","message":"Router-----store Register Form Data","timestamp":"2024-10-11T09:09:07.456Z"}
{"level":"info","message":"GET URL REQ => http://localhost:6200/api/v1/profile/RegisterData","timestamp":"2024-10-11T09:09:07.457Z"}
{"level":"info","message":"server running --- from server.ts","timestamp":"2024-10-11T09:30:43.131Z"}
{"level":"info","message":"server running --- from server.ts","timestamp":"2024-10-11T09:32:19.942Z"}
{"level":"info","message":"Router----- line 17","timestamp":"2024-10-11T09:33:00.067Z"}
{"level":"info","message":"GET URL REQ => http://localhost:6200/api/v1/users/login","timestamp":"2024-10-11T09:33:00.068Z"}
{"level":"info","message":"GET URL REQ => http://localhost:6200/api/v1/profile/passRegisterData","timestamp":"2024-10-11T09:33:13.475Z"}
{"level":"info","message":"GET URL REQ => http://localhost:6200/api/v1/profile/passRegisterData","timestamp":"2024-10-11T09:33:13.492Z"}
{"level":"info","message":"Router-----store Register Form Data","timestamp":"2024-10-11T09:36:14.312Z"}
{"level":"info","message":"GET URL REQ => http://localhost:6200/api/v1/profile/RegisterData","timestamp":"2024-10-11T09:36:14.313Z"}
{"level":"info","message":"GET URL REQ => http://localhost:6200/api/v1/profile/passRegisterData","timestamp":"2024-10-11T09:36:39.905Z"}
{"level":"info","message":"GET URL REQ => http://localhost:6200/api/v1/profile/passRegisterData","timestamp":"2024-10-11T09:36:39.911Z"}
{"level":"info","message":"server running --- from server.ts","timestamp":"2024-10-11T09:37:16.485Z"}
{"level":"info","message":"GET URL REQ => http://localhost:6200/api/v1/profile/passRegisterData","timestamp":"2024-10-11T09:37:16.950Z"}
{"level":"info","message":"GET URL REQ => http://localhost:6200/api/v1/profile/passRegisterData","timestamp":"2024-10-11T09:37:16.968Z"}
{"level":"info","message":"Router-----store Register Form Data","timestamp":"2024-10-11T09:39:49.438Z"}
{"level":"info","message":"GET URL REQ => http://localhost:6200/api/v1/profile/RegisterData","timestamp":"2024-10-11T09:39:49.439Z"}
{"level":"info","message":"server running --- from server.ts","timestamp":"2024-10-11T09:42:11.022Z"}
{"level":"info","message":"server running --- from server.ts","timestamp":"2024-10-11T09:42:19.750Z"}
