{"level":"info","message":"server running --- from server.ts","timestamp":"2024-10-12T07:20:43.396Z"}
{"level":"info","message":"server running --- from server.ts","timestamp":"2024-10-12T07:22:15.924Z"}
{"level":"info","message":"Router----- line 17","timestamp":"2024-10-12T07:22:38.649Z"}
{"level":"info","message":"GET URL REQ => http://localhost:6200/api/v1/users/login","timestamp":"2024-10-12T07:22:38.651Z"}
{"level":"info","message":"GET URL REQ => http://localhost:6200/api/v1/profile/passRegisterData","timestamp":"2024-10-12T07:22:47.842Z"}
{"level":"info","message":"GET URL REQ => http://localhost:6200/api/v1/profile/passRegisterData","timestamp":"2024-10-12T07:22:48.464Z"}
{"level":"info","message":"Router-----store Register Form Data","timestamp":"2024-10-12T07:27:02.347Z"}
{"level":"info","message":"GET URL REQ => http://localhost:6200/api/v1/profile/RegisterData","timestamp":"2024-10-12T07:27:02.349Z"}
{"level":"info","message":"Router - sign up page","timestamp":"2024-10-12T07:30:04.779Z"}
{"level":"info","message":"Router----- line 17","timestamp":"2024-10-12T07:30:17.321Z"}
{"level":"info","message":"GET URL REQ => http://localhost:6200/api/v1/users/login","timestamp":"2024-10-12T07:30:17.324Z"}
{"level":"info","message":"Router----- line 17","timestamp":"2024-10-12T07:30:23.891Z"}
{"level":"info","message":"GET URL REQ => http://localhost:6200/api/v1/users/login","timestamp":"2024-10-12T07:30:23.892Z"}
{"level":"info","message":"GET URL REQ => http://localhost:6200/api/v1/profile/passRegisterData","timestamp":"2024-10-12T07:30:31.289Z"}
{"level":"info","message":"GET URL REQ => http://localhost:6200/api/v1/profile/passRegisterData","timestamp":"2024-10-12T07:30:31.659Z"}
{"level":"info","message":"Router-----store Register Form Data","timestamp":"2024-10-12T07:32:06.149Z"}
{"level":"info","message":"GET URL REQ => http://localhost:6200/api/v1/profile/RegisterData","timestamp":"2024-10-12T07:32:06.150Z"}
{"level":"info","message":"server running --- from server.ts","timestamp":"2024-10-12T07:33:08.830Z"}
{"level":"info","message":"server running --- from server.ts","timestamp":"2024-10-12T07:33:17.397Z"}
{"level":"info","message":"server running --- from server.ts","timestamp":"2024-10-12T07:33:25.974Z"}
{"level":"info","message":"server running --- from server.ts","timestamp":"2024-10-12T07:33:38.564Z"}
{"level":"info","message":"server running --- from server.ts","timestamp":"2024-10-12T07:33:44.694Z"}
{"level":"info","message":"GET URL REQ => http://localhost:6200/api/v1/profile/passRegisterData","timestamp":"2024-10-12T07:33:58.917Z"}
{"level":"info","message":"GET URL REQ => http://localhost:6200/api/v1/profile/passRegisterData","timestamp":"2024-10-12T07:33:58.931Z"}
{"level":"info","message":"Router-----store Register Form Data","timestamp":"2024-10-12T07:37:58.027Z"}
{"level":"info","message":"GET URL REQ => http://localhost:6200/api/v1/profile/RegisterData","timestamp":"2024-10-12T07:37:58.028Z"}
{"level":"info","message":"server running --- from server.ts","timestamp":"2024-10-12T07:39:40.967Z"}
{"level":"info","message":"GET URL REQ => http://localhost:6200/api/v1/profile/passRegisterData","timestamp":"2024-10-12T07:40:55.158Z"}
{"level":"info","message":"GET URL REQ => http://localhost:6200/api/v1/profile/passRegisterData","timestamp":"2024-10-12T07:40:55.176Z"}
{"level":"info","message":"Router-----store Register Form Data","timestamp":"2024-10-12T07:42:12.263Z"}
{"level":"info","message":"GET URL REQ => http://localhost:6200/api/v1/profile/RegisterData","timestamp":"2024-10-12T07:42:12.264Z"}
{"level":"info","message":"server running --- from server.ts","timestamp":"2024-10-12T07:45:11.352Z"}
{"level":"info","message":"server running --- from server.ts","timestamp":"2024-10-12T07:45:20.589Z"}
{"level":"info","message":"server running --- from server.ts","timestamp":"2024-10-12T07:45:26.570Z"}
{"level":"info","message":"server running --- from server.ts","timestamp":"2024-10-12T07:45:29.375Z"}
{"level":"info","message":"server running --- from server.ts","timestamp":"2024-10-12T07:45:43.750Z"}
{"level":"info","message":"server running --- from server.ts","timestamp":"2024-10-12T07:45:49.318Z"}
{"level":"info","message":"server running --- from server.ts","timestamp":"2024-10-12T07:45:57.551Z"}
{"level":"info","message":"GET URL REQ => http://localhost:6200/api/v1/profile/passRegisterData","timestamp":"2024-10-12T07:46:04.956Z"}
{"level":"info","message":"GET URL REQ => http://localhost:6200/api/v1/profile/passRegisterData","timestamp":"2024-10-12T07:46:04.970Z"}
{"level":"info","message":"Router-----store Register Form Data","timestamp":"2024-10-12T07:47:40.584Z"}
{"level":"info","message":"GET URL REQ => http://localhost:6200/api/v1/profile/RegisterData","timestamp":"2024-10-12T07:47:40.586Z"}
{"level":"info","message":"server running --- from server.ts","timestamp":"2024-10-12T07:51:14.050Z"}
{"level":"info","message":"server running --- from server.ts","timestamp":"2024-10-12T07:51:31.062Z"}
{"level":"info","message":"server running --- from server.ts","timestamp":"2024-10-12T07:51:34.287Z"}
{"level":"info","message":"server running --- from server.ts","timestamp":"2024-10-12T07:51:39.560Z"}
{"level":"info","message":"server running --- from server.ts","timestamp":"2024-10-12T07:51:58.012Z"}
{"level":"info","message":"GET URL REQ => http://localhost:6200/api/v1/profile/passRegisterData","timestamp":"2024-10-12T07:52:06.736Z"}
{"level":"info","message":"GET URL REQ => http://localhost:6200/api/v1/profile/passRegisterData","timestamp":"2024-10-12T07:52:06.750Z"}
{"level":"info","message":"Router-----store Register Form Data","timestamp":"2024-10-12T07:56:17.332Z"}
{"level":"info","message":"GET URL REQ => http://localhost:6200/api/v1/profile/RegisterData","timestamp":"2024-10-12T07:56:17.333Z"}
{"level":"info","message":"server running --- from server.ts","timestamp":"2024-10-12T08:01:33.976Z"}
{"level":"info","message":"server running --- from server.ts","timestamp":"2024-10-12T08:02:00.629Z"}
{"level":"info","message":"GET URL REQ => http://localhost:6200/api/v1/profile/passRegisterData","timestamp":"2024-10-12T08:03:18.966Z"}
{"level":"info","message":"GET URL REQ => http://localhost:6200/api/v1/profile/passRegisterData","timestamp":"2024-10-12T08:03:18.983Z"}
{"level":"info","message":"Router-----store Register Form Data","timestamp":"2024-10-12T08:05:02.473Z"}
{"level":"info","message":"GET URL REQ => http://localhost:6200/api/v1/profile/RegisterData","timestamp":"2024-10-12T08:05:02.474Z"}
{"level":"info","message":"server running --- from server.ts","timestamp":"2024-10-12T08:25:19.459Z"}
{"level":"info","message":"GET URL REQ => http://localhost:6200/api/v1/profile/passRegisterData","timestamp":"2024-10-12T09:56:40.917Z"}
{"level":"info","message":"GET URL REQ => http://localhost:6200/api/v1/profile/passRegisterData","timestamp":"2024-10-12T09:56:40.931Z"}
{"address":"0.0.0.0","code":"EADDRINUSE","errno":-4091,"level":"error","message":"Server not running... listen EADDRINUSE: address already in use 0.0.0.0:6200","port":6200,"stack":"Error: listen EADDRINUSE: address already in use 0.0.0.0:6200\n    at Server.setupListenHandle [as _listen2] (node:net:1904:16)\n    at listenInCluster (node:net:1961:12)\n    at doListen (node:net:2135:7)\n    at processTicksAndRejections (node:internal/process/task_queues:83:21)","syscall":"listen","timestamp":"2024-10-12T09:58:36.893Z"}
{"address":"0.0.0.0","code":"EADDRINUSE","errno":-4091,"level":"error","message":"Server not running... listen EADDRINUSE: address already in use 0.0.0.0:6200","port":6200,"stack":"Error: listen EADDRINUSE: address already in use 0.0.0.0:6200\n    at Server.setupListenHandle [as _listen2] (node:net:1904:16)\n    at listenInCluster (node:net:1961:12)\n    at doListen (node:net:2135:7)\n    at processTicksAndRejections (node:internal/process/task_queues:83:21)","syscall":"listen","timestamp":"2024-10-12T09:59:06.307Z"}
{"address":"0.0.0.0","code":"EADDRINUSE","errno":-4091,"level":"error","message":"Server not running... listen EADDRINUSE: address already in use 0.0.0.0:6200","port":6200,"stack":"Error: listen EADDRINUSE: address already in use 0.0.0.0:6200\n    at Server.setupListenHandle [as _listen2] (node:net:1904:16)\n    at listenInCluster (node:net:1961:12)\n    at doListen (node:net:2135:7)\n    at processTicksAndRejections (node:internal/process/task_queues:83:21)","syscall":"listen","timestamp":"2024-10-12T09:59:16.583Z"}
{"address":"0.0.0.0","code":"EADDRINUSE","errno":-4091,"level":"error","message":"Server not running... listen EADDRINUSE: address already in use 0.0.0.0:6200","port":6200,"stack":"Error: listen EADDRINUSE: address already in use 0.0.0.0:6200\n    at Server.setupListenHandle [as _listen2] (node:net:1904:16)\n    at listenInCluster (node:net:1961:12)\n    at doListen (node:net:2135:7)\n    at processTicksAndRejections (node:internal/process/task_queues:83:21)","syscall":"listen","timestamp":"2024-10-12T09:59:27.447Z"}
{"address":"0.0.0.0","code":"EADDRINUSE","errno":-4091,"level":"error","message":"Server not running... listen EADDRINUSE: address already in use 0.0.0.0:6200","port":6200,"stack":"Error: listen EADDRINUSE: address already in use 0.0.0.0:6200\n    at Server.setupListenHandle [as _listen2] (node:net:1904:16)\n    at listenInCluster (node:net:1961:12)\n    at doListen (node:net:2135:7)\n    at processTicksAndRejections (node:internal/process/task_queues:83:21)","syscall":"listen","timestamp":"2024-10-12T09:59:47.895Z"}
{"address":"0.0.0.0","code":"EADDRINUSE","errno":-4091,"level":"error","message":"Server not running... listen EADDRINUSE: address already in use 0.0.0.0:6200","port":6200,"stack":"Error: listen EADDRINUSE: address already in use 0.0.0.0:6200\n    at Server.setupListenHandle [as _listen2] (node:net:1904:16)\n    at listenInCluster (node:net:1961:12)\n    at doListen (node:net:2135:7)\n    at processTicksAndRejections (node:internal/process/task_queues:83:21)","syscall":"listen","timestamp":"2024-10-12T10:00:11.635Z"}
{"address":"0.0.0.0","code":"EADDRINUSE","errno":-4091,"level":"error","message":"Server not running... listen EADDRINUSE: address already in use 0.0.0.0:6200","port":6200,"stack":"Error: listen EADDRINUSE: address already in use 0.0.0.0:6200\n    at Server.setupListenHandle [as _listen2] (node:net:1904:16)\n    at listenInCluster (node:net:1961:12)\n    at doListen (node:net:2135:7)\n    at processTicksAndRejections (node:internal/process/task_queues:83:21)","syscall":"listen","timestamp":"2024-10-12T10:00:16.650Z"}
{"level":"info","message":"server running --- from server.ts","timestamp":"2024-10-12T10:02:50.026Z"}
{"level":"info","message":"Router----- line 17","timestamp":"2024-10-12T10:03:35.766Z"}
{"level":"info","message":"GET URL REQ => http://localhost:6200/api/v1/users/login","timestamp":"2024-10-12T10:03:35.768Z"}
{"level":"info","message":"GET URL REQ => http://localhost:6200/api/v1/profile/passRegisterData","timestamp":"2024-10-12T10:03:43.123Z"}
{"level":"info","message":"GET URL REQ => http://localhost:6200/api/v1/profile/passRegisterData","timestamp":"2024-10-12T10:03:43.130Z"}
{"level":"info","message":"server running --- from server.ts","timestamp":"2024-10-12T10:04:02.686Z"}
{"level":"info","message":"server running --- from server.ts","timestamp":"2024-10-12T10:05:26.111Z"}
{"level":"info","message":"server running --- from server.ts","timestamp":"2024-10-12T10:05:33.775Z"}
{"level":"info","message":"server running --- from server.ts","timestamp":"2024-10-12T10:05:40.165Z"}
{"level":"info","message":"server running --- from server.ts","timestamp":"2024-10-12T10:05:46.803Z"}
{"level":"info","message":"server running --- from server.ts","timestamp":"2024-10-12T10:05:50.244Z"}
{"level":"info","message":"server running --- from server.ts","timestamp":"2024-10-12T10:06:00.892Z"}
{"level":"info","message":"server running --- from server.ts","timestamp":"2024-10-12T10:06:07.546Z"}
{"level":"info","message":"Router-----store Register Form Data","timestamp":"2024-10-12T10:07:03.077Z"}
{"level":"info","message":"GET URL REQ => http://localhost:6200/api/v1/profile/RegisterData","timestamp":"2024-10-12T10:07:03.078Z"}
{"level":"info","message":"server running --- from server.ts","timestamp":"2024-10-12T10:13:39.787Z"}
{"level":"info","message":"server running --- from server.ts","timestamp":"2024-10-12T10:13:51.908Z"}
{"level":"info","message":"server running --- from server.ts","timestamp":"2024-10-12T10:14:00.771Z"}
{"level":"info","message":"server running --- from server.ts","timestamp":"2024-10-12T10:14:03.229Z"}
{"level":"info","message":"server running --- from server.ts","timestamp":"2024-10-12T10:14:48.185Z"}
{"level":"info","message":"server running --- from server.ts","timestamp":"2024-10-12T10:14:51.699Z"}
{"level":"info","message":"server running --- from server.ts","timestamp":"2024-10-12T10:14:58.301Z"}
{"level":"info","message":"GET URL REQ => http://localhost:6200/api/v1/profile/passRegisterData","timestamp":"2024-10-12T10:15:05.100Z"}
{"level":"info","message":"GET URL REQ => http://localhost:6200/api/v1/profile/passRegisterData","timestamp":"2024-10-12T10:15:05.116Z"}
{"level":"info","message":"Router-----store Register Form Data","timestamp":"2024-10-12T10:16:37.881Z"}
{"level":"info","message":"GET URL REQ => http://localhost:6200/api/v1/profile/RegisterData","timestamp":"2024-10-12T10:16:37.883Z"}
{"level":"info","message":"GET URL REQ => http://localhost:6200/api/v1/profile/passRegisterData","timestamp":"2024-10-12T10:17:16.290Z"}
{"level":"info","message":"GET URL REQ => http://localhost:6200/api/v1/profile/passRegisterData","timestamp":"2024-10-12T10:17:16.299Z"}
{"level":"info","message":"server running --- from server.ts","timestamp":"2024-10-12T10:17:49.403Z"}
{"level":"info","message":"server running --- from server.ts","timestamp":"2024-10-12T10:17:54.338Z"}
{"level":"info","message":"server running --- from server.ts","timestamp":"2024-10-12T10:18:03.010Z"}
{"level":"info","message":"server running --- from server.ts","timestamp":"2024-10-12T10:18:19.641Z"}
{"level":"info","message":"server running --- from server.ts","timestamp":"2024-10-12T10:18:24.289Z"}
{"level":"info","message":"Router-----store Register Form Data","timestamp":"2024-10-12T10:20:02.504Z"}
{"level":"info","message":"GET URL REQ => http://localhost:6200/api/v1/profile/RegisterData","timestamp":"2024-10-12T10:20:02.505Z"}
{"level":"info","message":"server running --- from server.ts","timestamp":"2024-10-12T10:20:45.323Z"}
{"level":"info","message":"GET URL REQ => http://localhost:6200/api/v1/profile/passRegisterData","timestamp":"2024-10-12T10:20:49.829Z"}
{"level":"info","message":"GET URL REQ => http://localhost:6200/api/v1/profile/passRegisterData","timestamp":"2024-10-12T10:20:49.844Z"}
{"level":"info","message":"Router-----store Register Form Data","timestamp":"2024-10-12T10:22:29.447Z"}
{"level":"info","message":"GET URL REQ => http://localhost:6200/api/v1/profile/RegisterData","timestamp":"2024-10-12T10:22:29.449Z"}
{"level":"info","message":"server running --- from server.ts","timestamp":"2024-10-12T10:28:23.368Z"}
{"level":"info","message":"server running --- from server.ts","timestamp":"2024-10-12T10:28:28.582Z"}
{"level":"info","message":"server running --- from server.ts","timestamp":"2024-10-12T10:28:52.171Z"}
{"level":"info","message":"server running --- from server.ts","timestamp":"2024-10-12T10:31:21.919Z"}
{"level":"info","message":"server running --- from server.ts","timestamp":"2024-10-12T10:31:58.323Z"}
{"level":"info","message":"server running --- from server.ts","timestamp":"2024-10-12T10:34:20.836Z"}
{"level":"info","message":"server running --- from server.ts","timestamp":"2024-10-12T10:34:24.158Z"}
{"level":"info","message":"server running --- from server.ts","timestamp":"2024-10-12T10:34:29.260Z"}
{"level":"info","message":"GET URL REQ => http://localhost:6200/api/v1/profile/passRegisterData","timestamp":"2024-10-12T10:34:56.507Z"}
{"level":"info","message":"GET URL REQ => http://localhost:6200/api/v1/profile/passRegisterData","timestamp":"2024-10-12T10:34:56.524Z"}
{"level":"info","message":"Router-----store Register Form Data","timestamp":"2024-10-12T10:36:21.366Z"}
{"level":"info","message":"GET URL REQ => http://localhost:6200/api/v1/profile/RegisterData","timestamp":"2024-10-12T10:36:21.367Z"}
{"level":"info","message":"server running --- from server.ts","timestamp":"2024-10-12T10:40:02.894Z"}
{"level":"info","message":"server running --- from server.ts","timestamp":"2024-10-12T10:40:39.803Z"}
{"level":"info","message":"server running --- from server.ts","timestamp":"2024-10-12T10:40:44.840Z"}
{"level":"info","message":"server running --- from server.ts","timestamp":"2024-10-12T10:40:49.215Z"}
{"level":"info","message":"GET URL REQ => http://localhost:6200/api/v1/profile/passRegisterData","timestamp":"2024-10-12T10:41:10.955Z"}
{"level":"info","message":"GET URL REQ => http://localhost:6200/api/v1/profile/passRegisterData","timestamp":"2024-10-12T10:41:10.971Z"}
{"level":"info","message":"Router-----store Register Form Data","timestamp":"2024-10-12T10:42:11.481Z"}
{"level":"info","message":"GET URL REQ => http://localhost:6200/api/v1/profile/RegisterData","timestamp":"2024-10-12T10:42:11.482Z"}
{"level":"info","message":"server running --- from server.ts","timestamp":"2024-10-12T10:47:56.246Z"}
{"level":"info","message":"server running --- from server.ts","timestamp":"2024-10-12T10:48:00.623Z"}
{"level":"info","message":"server running --- from server.ts","timestamp":"2024-10-12T10:48:10.052Z"}
{"level":"info","message":"GET URL REQ => http://localhost:6200/api/v1/profile/passRegisterData","timestamp":"2024-10-12T10:48:18.974Z"}
{"level":"info","message":"GET URL REQ => http://localhost:6200/api/v1/profile/passRegisterData","timestamp":"2024-10-12T10:48:18.991Z"}
{"level":"info","message":"Router-----store Register Form Data","timestamp":"2024-10-12T10:50:31.220Z"}
{"level":"info","message":"GET URL REQ => http://localhost:6200/api/v1/profile/RegisterData","timestamp":"2024-10-12T10:50:31.221Z"}
{"level":"info","message":"server running --- from server.ts","timestamp":"2024-10-12T10:52:03.027Z"}
{"level":"info","message":"server running --- from server.ts","timestamp":"2024-10-12T10:52:06.608Z"}
{"level":"info","message":"GET URL REQ => http://localhost:6200/api/v1/profile/passRegisterData","timestamp":"2024-10-12T10:57:56.171Z"}
{"level":"info","message":"GET URL REQ => http://localhost:6200/api/v1/profile/passRegisterData","timestamp":"2024-10-12T10:57:56.188Z"}
{"level":"info","message":"Router-----store Register Form Data","timestamp":"2024-10-12T10:58:57.700Z"}
{"level":"info","message":"GET URL REQ => http://localhost:6200/api/v1/profile/RegisterData","timestamp":"2024-10-12T10:58:57.702Z"}
{"level":"info","message":"server running --- from server.ts","timestamp":"2024-10-12T10:59:57.938Z"}
{"level":"info","message":"server running --- from server.ts","timestamp":"2024-10-12T11:09:30.454Z"}
{"level":"info","message":"GET URL REQ => http://localhost:6200/api/v1/profile/passRegisterData","timestamp":"2024-10-12T11:11:48.903Z"}
{"level":"info","message":"GET URL REQ => http://localhost:6200/api/v1/profile/passRegisterData","timestamp":"2024-10-12T11:11:48.920Z"}
{"level":"info","message":"server running --- from server.ts","timestamp":"2024-10-12T11:12:45.800Z"}
{"level":"info","message":"Router-----store Register Form Data","timestamp":"2024-10-12T11:13:47.118Z"}
{"level":"info","message":"GET URL REQ => http://localhost:6200/api/v1/profile/RegisterData","timestamp":"2024-10-12T11:13:47.119Z"}
{"level":"info","message":"server running --- from server.ts","timestamp":"2024-10-12T11:14:53.259Z"}
{"level":"info","message":"server running --- from server.ts","timestamp":"2024-10-12T11:14:58.594Z"}
{"level":"info","message":"GET URL REQ => http://localhost:6200/api/v1/profile/passRegisterData","timestamp":"2024-10-12T11:15:01.294Z"}
{"level":"info","message":"GET URL REQ => http://localhost:6200/api/v1/profile/passRegisterData","timestamp":"2024-10-12T11:15:01.310Z"}
{"level":"info","message":"Router-----store Register Form Data","timestamp":"2024-10-12T11:16:02.399Z"}
{"level":"info","message":"GET URL REQ => http://localhost:6200/api/v1/profile/RegisterData","timestamp":"2024-10-12T11:16:02.401Z"}
{"level":"info","message":"GET URL REQ => http://localhost:6200/api/v1/profile/passRegisterData","timestamp":"2024-10-12T11:22:28.136Z"}
{"level":"info","message":"GET URL REQ => http://localhost:6200/api/v1/profile/passRegisterData","timestamp":"2024-10-12T11:22:28.290Z"}
{"level":"info","message":"Router-----store Register Form Data","timestamp":"2024-10-12T11:25:49.618Z"}
{"level":"info","message":"GET URL REQ => http://localhost:6200/api/v1/profile/RegisterData","timestamp":"2024-10-12T11:25:49.618Z"}
{"level":"info","message":"GET URL REQ => http://localhost:6200/api/v1/profile/passRegisterData","timestamp":"2024-10-12T11:30:22.571Z"}
{"level":"info","message":"GET URL REQ => http://localhost:6200/api/v1/profile/passRegisterData","timestamp":"2024-10-12T11:33:31.177Z"}
{"level":"info","message":"GET URL REQ => http://localhost:6200/api/v1/profile/passRegisterData","timestamp":"2024-10-12T11:33:34.629Z"}
{"level":"info","message":"GET URL REQ => http://localhost:6200/api/v1/profile/passRegisterData","timestamp":"2024-10-12T11:33:34.641Z"}
{"level":"info","message":"Router-----store Register Form Data","timestamp":"2024-10-12T11:34:41.093Z"}
{"level":"info","message":"GET URL REQ => http://localhost:6200/api/v1/profile/RegisterData","timestamp":"2024-10-12T11:34:41.096Z"}
{"level":"info","message":"server running --- from server.ts","timestamp":"2024-10-12T11:35:01.610Z"}
{"level":"info","message":"Router-----store Register Form Data","timestamp":"2024-10-12T11:35:10.625Z"}
{"level":"info","message":"GET URL REQ => http://localhost:6200/api/v1/profile/RegisterData","timestamp":"2024-10-12T11:35:10.626Z"}
{"level":"info","message":"server running --- from server.ts","timestamp":"2024-10-12T11:35:37.865Z"}
{"level":"info","message":"server running --- from server.ts","timestamp":"2024-10-12T11:35:44.149Z"}
{"level":"info","message":"server running --- from server.ts","timestamp":"2024-10-12T11:35:57.379Z"}
{"level":"info","message":"Router-----store Register Form Data","timestamp":"2024-10-12T11:35:59.568Z"}
{"level":"info","message":"GET URL REQ => http://localhost:6200/api/v1/profile/RegisterData","timestamp":"2024-10-12T11:35:59.569Z"}
{"level":"info","message":"server running --- from server.ts","timestamp":"2024-10-12T11:36:32.942Z"}
{"level":"info","message":"server running --- from server.ts","timestamp":"2024-10-12T11:37:09.406Z"}
{"level":"info","message":"server running --- from server.ts","timestamp":"2024-10-12T11:37:14.501Z"}
{"level":"info","message":"server running --- from server.ts","timestamp":"2024-10-12T11:37:19.291Z"}
{"level":"info","message":"Router-----store Register Form Data","timestamp":"2024-10-12T11:37:26.255Z"}
{"level":"info","message":"GET URL REQ => http://localhost:6200/api/v1/profile/RegisterData","timestamp":"2024-10-12T11:37:26.257Z"}
{"level":"info","message":"server running --- from server.ts","timestamp":"2024-10-12T11:38:19.646Z"}
{"level":"info","message":"Router-----store Register Form Data","timestamp":"2024-10-12T11:38:26.212Z"}
{"level":"info","message":"GET URL REQ => http://localhost:6200/api/v1/profile/RegisterData","timestamp":"2024-10-12T11:38:26.214Z"}
{"level":"info","message":"server running --- from server.ts","timestamp":"2024-10-12T11:52:45.631Z"}
{"level":"info","message":"server running --- from server.ts","timestamp":"2024-10-12T11:52:54.257Z"}
{"level":"info","message":"server running --- from server.ts","timestamp":"2024-10-12T12:00:24.557Z"}
{"level":"info","message":"server running --- from server.ts","timestamp":"2024-10-12T12:06:20.653Z"}
{"level":"info","message":"server running --- from server.ts","timestamp":"2024-10-12T12:06:31.198Z"}
{"level":"info","message":"Router-----store Register Form Data","timestamp":"2024-10-12T12:06:36.061Z"}
{"level":"info","message":"GET URL REQ => http://localhost:6200/api/v1/profile/RegisterData","timestamp":"2024-10-12T12:06:36.062Z"}
{"level":"info","message":"Router-----store Register Form Data","timestamp":"2024-10-12T12:07:25.700Z"}
{"level":"info","message":"GET URL REQ => http://localhost:6200/api/v1/profile/RegisterData","timestamp":"2024-10-12T12:07:25.702Z"}
{"level":"info","message":"Router-----store Register Form Data","timestamp":"2024-10-12T12:08:03.250Z"}
{"level":"info","message":"GET URL REQ => http://localhost:6200/api/v1/profile/RegisterData","timestamp":"2024-10-12T12:08:03.250Z"}
{"level":"info","message":"Router-----store Register Form Data","timestamp":"2024-10-12T12:08:04.844Z"}
{"level":"info","message":"GET URL REQ => http://localhost:6200/api/v1/profile/RegisterData","timestamp":"2024-10-12T12:08:04.846Z"}
{"level":"info","message":"server running --- from server.ts","timestamp":"2024-10-12T12:08:29.166Z"}
{"level":"info","message":"Router-----store Register Form Data","timestamp":"2024-10-12T12:09:06.325Z"}
{"level":"info","message":"GET URL REQ => http://localhost:6200/api/v1/profile/RegisterData","timestamp":"2024-10-12T12:09:06.326Z"}
{"level":"info","message":"Router-----store Register Form Data","timestamp":"2024-10-12T12:09:32.324Z"}
{"level":"info","message":"GET URL REQ => http://localhost:6200/api/v1/profile/RegisterData","timestamp":"2024-10-12T12:09:32.325Z"}
{"level":"info","message":"server running --- from server.ts","timestamp":"2024-10-12T12:10:03.814Z"}
{"level":"info","message":"server running --- from server.ts","timestamp":"2024-10-12T12:10:06.571Z"}
{"level":"info","message":"server running --- from server.ts","timestamp":"2024-10-12T12:10:09.452Z"}
{"level":"info","message":"server running --- from server.ts","timestamp":"2024-10-12T12:10:12.221Z"}
{"level":"info","message":"Router-----store Register Form Data","timestamp":"2024-10-12T12:10:13.224Z"}
{"level":"info","message":"GET URL REQ => http://localhost:6200/api/v1/profile/RegisterData","timestamp":"2024-10-12T12:10:13.225Z"}
{"level":"info","message":"server running --- from server.ts","timestamp":"2024-10-12T12:11:56.674Z"}
{"level":"info","message":"Router-----store Register Form Data","timestamp":"2024-10-12T12:12:07.874Z"}
{"level":"info","message":"GET URL REQ => http://localhost:6200/api/v1/profile/RegisterData","timestamp":"2024-10-12T12:12:07.875Z"}
{"level":"info","message":"Router-----store Register Form Data","timestamp":"2024-10-12T12:12:32.488Z"}
{"level":"info","message":"GET URL REQ => http://localhost:6200/api/v1/profile/RegisterData","timestamp":"2024-10-12T12:12:32.491Z"}
{"level":"info","message":"server running --- from server.ts","timestamp":"2024-10-12T12:12:48.795Z"}
{"level":"info","message":"Router-----store Register Form Data","timestamp":"2024-10-12T12:12:49.324Z"}
{"level":"info","message":"GET URL REQ => http://localhost:6200/api/v1/profile/RegisterData","timestamp":"2024-10-12T12:12:49.325Z"}
{"level":"info","message":"server running --- from server.ts","timestamp":"2024-10-12T12:13:13.510Z"}
{"level":"info","message":"server running --- from server.ts","timestamp":"2024-10-12T12:13:31.092Z"}
