{"level":"info","message":"server running --- from server.ts","timestamp":"2024-10-14T04:04:20.945Z"}
{"level":"info","message":"Router----- line 17","timestamp":"2024-10-14T05:01:15.960Z"}
{"level":"info","message":"GET URL REQ => http://localhost:6200/api/v1/users/login","timestamp":"2024-10-14T05:01:15.965Z"}
{"level":"info","message":"Router----- line 17","timestamp":"2024-10-14T05:02:41.906Z"}
{"level":"info","message":"GET URL REQ => http://localhost:6200/api/v1/users/login","timestamp":"2024-10-14T05:02:41.908Z"}
{"level":"info","message":"GET URL REQ => http://localhost:6200/api/v1/profile/passRegisterData","timestamp":"2024-10-14T05:02:48.256Z"}
{"level":"error","message":"Error in userLogin: this.profileRepository.userRegisterPageDataV1 is not a function","stack":"TypeError: this.profileRepository.userRegisterPageDataV1 is not a function\n    at ProfileResolver.<anonymous> (C:\\Users\\VIJAY L\\Desktop\\backend\\src\\api\\resolver.ts:69:41)\n    at Generator.next (<anonymous>)\n    at C:\\Users\\VIJAY L\\Desktop\\backend\\src\\api\\resolver.ts:8:71\n    at new Promise (<anonymous>)\n    at __awaiter (C:\\Users\\VIJAY L\\Desktop\\backend\\src\\api\\resolver.ts:4:12)\n    at ProfileResolver.userRegisterPageDataV1 (C:\\Users\\VIJAY L\\Desktop\\backend\\src\\api\\resolver.ts:59:16)\n    at UserProfileController.<anonymous> (C:\\Users\\VIJAY L\\Desktop\\backend\\src\\api\\controller.ts:238:42)\n    at Generator.next (<anonymous>)\n    at C:\\Users\\VIJAY L\\Desktop\\backend\\src\\api\\controller.ts:8:71\n    at new Promise (<anonymous>)","timestamp":"2024-10-14T05:02:48.268Z"}
{"level":"info","message":"GET URL REQ => http://localhost:6200/api/v1/profile/passRegisterData","timestamp":"2024-10-14T05:02:48.273Z"}
{"level":"error","message":"Error in userLogin: this.profileRepository.userRegisterPageDataV1 is not a function","stack":"TypeError: this.profileRepository.userRegisterPageDataV1 is not a function\n    at ProfileResolver.<anonymous> (C:\\Users\\VIJAY L\\Desktop\\backend\\src\\api\\resolver.ts:69:41)\n    at Generator.next (<anonymous>)\n    at C:\\Users\\VIJAY L\\Desktop\\backend\\src\\api\\resolver.ts:8:71\n    at new Promise (<anonymous>)\n    at __awaiter (C:\\Users\\VIJAY L\\Desktop\\backend\\src\\api\\resolver.ts:4:12)\n    at ProfileResolver.userRegisterPageDataV1 (C:\\Users\\VIJAY L\\Desktop\\backend\\src\\api\\resolver.ts:59:16)\n    at UserProfileController.<anonymous> (C:\\Users\\VIJAY L\\Desktop\\backend\\src\\api\\controller.ts:238:42)\n    at Generator.next (<anonymous>)\n    at C:\\Users\\VIJAY L\\Desktop\\backend\\src\\api\\controller.ts:8:71\n    at new Promise (<anonymous>)","timestamp":"2024-10-14T05:02:48.274Z"}
{"level":"info","message":"server running --- from server.ts","timestamp":"2024-10-14T05:05:35.032Z"}
{"level":"info","message":"Router----- line 17","timestamp":"2024-10-14T05:06:09.762Z"}
{"level":"info","message":"GET URL REQ => http://localhost:6200/api/v1/users/login","timestamp":"2024-10-14T05:06:09.764Z"}
{"level":"info","message":"GET URL REQ => http://localhost:6200/api/v1/profile/passRegisterData","timestamp":"2024-10-14T05:06:27.597Z"}
{"level":"error","message":"Error in userLogin: this.profileRepository.userRegisterPageDataV1 is not a function","stack":"TypeError: this.profileRepository.userRegisterPageDataV1 is not a function\n    at ProfileResolver.<anonymous> (C:\\Users\\VIJAY L\\Desktop\\backend\\src\\api\\resolver.ts:69:41)\n    at Generator.next (<anonymous>)\n    at C:\\Users\\VIJAY L\\Desktop\\backend\\src\\api\\resolver.ts:8:71\n    at new Promise (<anonymous>)\n    at __awaiter (C:\\Users\\VIJAY L\\Desktop\\backend\\src\\api\\resolver.ts:4:12)\n    at ProfileResolver.userRegisterPageDataV1 (C:\\Users\\VIJAY L\\Desktop\\backend\\src\\api\\resolver.ts:59:16)\n    at UserProfileController.<anonymous> (C:\\Users\\VIJAY L\\Desktop\\backend\\src\\api\\controller.ts:238:42)\n    at Generator.next (<anonymous>)\n    at C:\\Users\\VIJAY L\\Desktop\\backend\\src\\api\\controller.ts:8:71\n    at new Promise (<anonymous>)","timestamp":"2024-10-14T05:06:27.605Z"}
{"level":"info","message":"GET URL REQ => http://localhost:6200/api/v1/profile/passRegisterData","timestamp":"2024-10-14T05:06:27.609Z"}
{"level":"error","message":"Error in userLogin: this.profileRepository.userRegisterPageDataV1 is not a function","stack":"TypeError: this.profileRepository.userRegisterPageDataV1 is not a function\n    at ProfileResolver.<anonymous> (C:\\Users\\VIJAY L\\Desktop\\backend\\src\\api\\resolver.ts:69:41)\n    at Generator.next (<anonymous>)\n    at C:\\Users\\VIJAY L\\Desktop\\backend\\src\\api\\resolver.ts:8:71\n    at new Promise (<anonymous>)\n    at __awaiter (C:\\Users\\VIJAY L\\Desktop\\backend\\src\\api\\resolver.ts:4:12)\n    at ProfileResolver.userRegisterPageDataV1 (C:\\Users\\VIJAY L\\Desktop\\backend\\src\\api\\resolver.ts:59:16)\n    at UserProfileController.<anonymous> (C:\\Users\\VIJAY L\\Desktop\\backend\\src\\api\\controller.ts:238:42)\n    at Generator.next (<anonymous>)\n    at C:\\Users\\VIJAY L\\Desktop\\backend\\src\\api\\controller.ts:8:71\n    at new Promise (<anonymous>)","timestamp":"2024-10-14T05:06:27.611Z"}
{"level":"info","message":"server running --- from server.ts","timestamp":"2024-10-14T05:07:38.152Z"}
{"level":"info","message":"Router----- line 17","timestamp":"2024-10-14T05:07:42.043Z"}
{"level":"info","message":"GET URL REQ => http://localhost:6200/api/v1/users/login","timestamp":"2024-10-14T05:07:42.044Z"}
{"level":"info","message":"GET URL REQ => http://localhost:6200/api/v1/profile/passRegisterData","timestamp":"2024-10-14T05:08:01.317Z"}
{"level":"error","message":"Error in userLogin: this.profileRepository.userRegisterPageDataV1 is not a function","stack":"TypeError: this.profileRepository.userRegisterPageDataV1 is not a function\n    at ProfileResolver.<anonymous> (C:\\Users\\VIJAY L\\Desktop\\backend\\src\\api\\resolver.ts:69:41)\n    at Generator.next (<anonymous>)\n    at C:\\Users\\VIJAY L\\Desktop\\backend\\src\\api\\resolver.ts:8:71\n    at new Promise (<anonymous>)\n    at __awaiter (C:\\Users\\VIJAY L\\Desktop\\backend\\src\\api\\resolver.ts:4:12)\n    at ProfileResolver.userRegisterPageDataV1 (C:\\Users\\VIJAY L\\Desktop\\backend\\src\\api\\resolver.ts:59:16)\n    at UserProfileController.<anonymous> (C:\\Users\\VIJAY L\\Desktop\\backend\\src\\api\\controller.ts:238:42)\n    at Generator.next (<anonymous>)\n    at C:\\Users\\VIJAY L\\Desktop\\backend\\src\\api\\controller.ts:8:71\n    at new Promise (<anonymous>)","timestamp":"2024-10-14T05:08:01.329Z"}
{"level":"info","message":"GET URL REQ => http://localhost:6200/api/v1/profile/passRegisterData","timestamp":"2024-10-14T05:08:01.335Z"}
{"level":"error","message":"Error in userLogin: this.profileRepository.userRegisterPageDataV1 is not a function","stack":"TypeError: this.profileRepository.userRegisterPageDataV1 is not a function\n    at ProfileResolver.<anonymous> (C:\\Users\\VIJAY L\\Desktop\\backend\\src\\api\\resolver.ts:69:41)\n    at Generator.next (<anonymous>)\n    at C:\\Users\\VIJAY L\\Desktop\\backend\\src\\api\\resolver.ts:8:71\n    at new Promise (<anonymous>)\n    at __awaiter (C:\\Users\\VIJAY L\\Desktop\\backend\\src\\api\\resolver.ts:4:12)\n    at ProfileResolver.userRegisterPageDataV1 (C:\\Users\\VIJAY L\\Desktop\\backend\\src\\api\\resolver.ts:59:16)\n    at UserProfileController.<anonymous> (C:\\Users\\VIJAY L\\Desktop\\backend\\src\\api\\controller.ts:238:42)\n    at Generator.next (<anonymous>)\n    at C:\\Users\\VIJAY L\\Desktop\\backend\\src\\api\\controller.ts:8:71\n    at new Promise (<anonymous>)","timestamp":"2024-10-14T05:08:01.337Z"}
{"level":"info","message":"server running --- from server.ts","timestamp":"2024-10-14T05:10:03.997Z"}
{"level":"info","message":"server running --- from server.ts","timestamp":"2024-10-14T05:10:09.629Z"}
{"level":"info","message":"server running --- from server.ts","timestamp":"2024-10-14T05:12:26.403Z"}
{"level":"info","message":"server running --- from server.ts","timestamp":"2024-10-14T05:12:35.152Z"}
{"level":"info","message":"server running --- from server.ts","timestamp":"2024-10-14T05:12:50.337Z"}
{"level":"info","message":"server running --- from server.ts","timestamp":"2024-10-14T05:13:00.986Z"}
{"level":"info","message":"server running --- from server.ts","timestamp":"2024-10-14T05:13:03.803Z"}
{"level":"info","message":"server running --- from server.ts","timestamp":"2024-10-14T05:13:11.478Z"}
{"level":"info","message":"server running --- from server.ts","timestamp":"2024-10-14T05:13:15.078Z"}
{"level":"info","message":"server running --- from server.ts","timestamp":"2024-10-14T05:13:23.161Z"}
{"level":"info","message":"GET URL REQ => http://localhost:6200/api/v1/profile/passRegisterData","timestamp":"2024-10-14T05:13:31.700Z"}
{"level":"error","message":"Error in userLogin: this.profileRepository.userRegisterPageDataV1 is not a function","stack":"TypeError: this.profileRepository.userRegisterPageDataV1 is not a function\n    at ProfileResolver.<anonymous> (C:\\Users\\VIJAY L\\Desktop\\backend\\src\\api\\resolver.ts:70:41)\n    at Generator.next (<anonymous>)\n    at C:\\Users\\VIJAY L\\Desktop\\backend\\src\\api\\resolver.ts:8:71\n    at new Promise (<anonymous>)\n    at __awaiter (C:\\Users\\VIJAY L\\Desktop\\backend\\src\\api\\resolver.ts:4:12)\n    at ProfileResolver.userRegisterPageDataV1 (C:\\Users\\VIJAY L\\Desktop\\backend\\src\\api\\resolver.ts:59:16)\n    at UserProfileController.<anonymous> (C:\\Users\\VIJAY L\\Desktop\\backend\\src\\api\\controller.ts:239:42)\n    at Generator.next (<anonymous>)\n    at C:\\Users\\VIJAY L\\Desktop\\backend\\src\\api\\controller.ts:8:71\n    at new Promise (<anonymous>)","timestamp":"2024-10-14T05:13:31.716Z"}
{"level":"info","message":"GET URL REQ => http://localhost:6200/api/v1/profile/passRegisterData","timestamp":"2024-10-14T05:13:31.737Z"}
{"level":"error","message":"Error in userLogin: this.profileRepository.userRegisterPageDataV1 is not a function","stack":"TypeError: this.profileRepository.userRegisterPageDataV1 is not a function\n    at ProfileResolver.<anonymous> (C:\\Users\\VIJAY L\\Desktop\\backend\\src\\api\\resolver.ts:70:41)\n    at Generator.next (<anonymous>)\n    at C:\\Users\\VIJAY L\\Desktop\\backend\\src\\api\\resolver.ts:8:71\n    at new Promise (<anonymous>)\n    at __awaiter (C:\\Users\\VIJAY L\\Desktop\\backend\\src\\api\\resolver.ts:4:12)\n    at ProfileResolver.userRegisterPageDataV1 (C:\\Users\\VIJAY L\\Desktop\\backend\\src\\api\\resolver.ts:59:16)\n    at UserProfileController.<anonymous> (C:\\Users\\VIJAY L\\Desktop\\backend\\src\\api\\controller.ts:239:42)\n    at Generator.next (<anonymous>)\n    at C:\\Users\\VIJAY L\\Desktop\\backend\\src\\api\\controller.ts:8:71\n    at new Promise (<anonymous>)","timestamp":"2024-10-14T05:13:31.740Z"}
{"level":"info","message":"server running --- from server.ts","timestamp":"2024-10-14T05:14:45.680Z"}
{"level":"info","message":"server running --- from server.ts","timestamp":"2024-10-14T05:14:54.079Z"}
{"level":"info","message":"server running --- from server.ts","timestamp":"2024-10-14T05:15:01.499Z"}
{"level":"info","message":"GET URL REQ => http://localhost:6200/api/v1/profile/passRegisterData","timestamp":"2024-10-14T05:15:11.830Z"}
{"level":"error","message":"Error in userLogin: this.profileRepository.userRegisterPageDataV1 is not a function","stack":"TypeError: this.profileRepository.userRegisterPageDataV1 is not a function\n    at ProfileResolver.<anonymous> (C:\\Users\\VIJAY L\\Desktop\\backend\\src\\api\\resolver.ts:70:41)\n    at Generator.next (<anonymous>)\n    at C:\\Users\\VIJAY L\\Desktop\\backend\\src\\api\\resolver.ts:8:71\n    at new Promise (<anonymous>)\n    at __awaiter (C:\\Users\\VIJAY L\\Desktop\\backend\\src\\api\\resolver.ts:4:12)\n    at ProfileResolver.userRegisterPageDataV1 (C:\\Users\\VIJAY L\\Desktop\\backend\\src\\api\\resolver.ts:59:16)\n    at UserProfileController.<anonymous> (C:\\Users\\VIJAY L\\Desktop\\backend\\src\\api\\controller.ts:239:42)\n    at Generator.next (<anonymous>)\n    at C:\\Users\\VIJAY L\\Desktop\\backend\\src\\api\\controller.ts:8:71\n    at new Promise (<anonymous>)","timestamp":"2024-10-14T05:15:11.840Z"}
{"level":"info","message":"GET URL REQ => http://localhost:6200/api/v1/profile/passRegisterData","timestamp":"2024-10-14T05:15:11.849Z"}
{"level":"error","message":"Error in userLogin: this.profileRepository.userRegisterPageDataV1 is not a function","stack":"TypeError: this.profileRepository.userRegisterPageDataV1 is not a function\n    at ProfileResolver.<anonymous> (C:\\Users\\VIJAY L\\Desktop\\backend\\src\\api\\resolver.ts:70:41)\n    at Generator.next (<anonymous>)\n    at C:\\Users\\VIJAY L\\Desktop\\backend\\src\\api\\resolver.ts:8:71\n    at new Promise (<anonymous>)\n    at __awaiter (C:\\Users\\VIJAY L\\Desktop\\backend\\src\\api\\resolver.ts:4:12)\n    at ProfileResolver.userRegisterPageDataV1 (C:\\Users\\VIJAY L\\Desktop\\backend\\src\\api\\resolver.ts:59:16)\n    at UserProfileController.<anonymous> (C:\\Users\\VIJAY L\\Desktop\\backend\\src\\api\\controller.ts:239:42)\n    at Generator.next (<anonymous>)\n    at C:\\Users\\VIJAY L\\Desktop\\backend\\src\\api\\controller.ts:8:71\n    at new Promise (<anonymous>)","timestamp":"2024-10-14T05:15:11.850Z"}
{"level":"info","message":"server running --- from server.ts","timestamp":"2024-10-14T05:20:24.717Z"}
{"level":"info","message":"server running --- from server.ts","timestamp":"2024-10-14T05:20:47.408Z"}
{"level":"info","message":"GET URL REQ => http://localhost:6200/api/v1/profile/passRegisterData","timestamp":"2024-10-14T05:20:48.527Z"}
{"level":"info","message":"GET URL REQ => http://localhost:6200/api/v1/profile/passRegisterData","timestamp":"2024-10-14T05:20:48.540Z"}
{"level":"info","message":"server running --- from server.ts","timestamp":"2024-10-14T05:21:01.776Z"}
{"level":"info","message":"GET URL REQ => http://localhost:6200/api/v1/profile/passRegisterData","timestamp":"2024-10-14T05:21:10.092Z"}
{"level":"info","message":"GET URL REQ => http://localhost:6200/api/v1/profile/passRegisterData","timestamp":"2024-10-14T05:21:10.107Z"}
